#
# There is insufficient memory for the Java Runtime Environment to continue.
# Native memory allocation (malloc) failed to allocate 599376 bytes for Chunk::new
# Possible reasons:
#   The system is out of physical RAM or swap space
#   In 32 bit mode, the process size limit was hit
# Possible solutions:
#   Reduce memory load on the system
#   Increase physical memory or swap space
#   Check if swap backing store is full
#   Use 64 bit Java on a 64 bit OS
#   Decrease Java heap size (-Xmx/-Xms)
#   Decrease number of Java threads
#   Decrease Java thread stack sizes (-Xss)
#   Set larger code cache with -XX:ReservedCodeCacheSize=
# This output file may be truncated or incomplete.
#
#  Out of Memory Error (allocation.cpp:390), pid=3936, tid=0x00000000000018f8
#
# JRE version: Java(TM) SE Runtime Environment (8.0_111-b14) (build 1.8.0_111-b14)
# Java VM: Java HotSpot(TM) 64-Bit Server VM (25.111-b14 mixed mode windows-amd64 compressed oops)
# Failed to write core dump. Minidumps are not enabled by default on client versions of Windows
#

---------------  T H R E A D  ---------------

Current thread (0x000000001dd64000):  JavaThread "C2 CompilerThread1" daemon [_thread_in_native, id=6392, stack(0x000000001f4d0000,0x000000001f5d0000)]

Stack: [0x000000001f4d0000,0x000000001f5d0000]
[error occurred during error reporting (printing stack bounds), id 0xc0000005]

Native frames: (J=compiled Java code, j=interpreted, Vv=VM code, C=native code)


Current CompileTask:
C2:   1007 1150       4       java.io.WinNTFileSystem::normalize (143 bytes)


---------------  P R O C E S S  ---------------

Java Threads: ( => current thread )
  0x0000000020dec800 JavaThread "background-preinit" [_thread_in_vm, id=8016, stack(0x0000000021e80000,0x0000000021f80000)]
  0x000000001f837000 JavaThread "surefire-forkedjvm-ping-30s" daemon [_thread_blocked, id=2732, stack(0x000000001fdd0000,0x000000001fed0000)]
  0x000000001f7f0000 JavaThread "surefire-forkedjvm-command-thread" daemon [_thread_in_native, id=1040, stack(0x000000001fcd0000,0x000000001fdd0000)]
  0x000000001f6f8800 JavaThread "Service Thread" daemon [_thread_blocked, id=10020, stack(0x000000001fad0000,0x000000001fbd0000)]
  0x000000001dd67000 JavaThread "C1 CompilerThread2" daemon [_thread_blocked, id=3396, stack(0x000000001f5d0000,0x000000001f6d0000)]
=>0x000000001dd64000 JavaThread "C2 CompilerThread1" daemon [_thread_in_native, id=6392, stack(0x000000001f4d0000,0x000000001f5d0000)]
  0x000000001dd60800 JavaThread "C2 CompilerThread0" daemon [_thread_in_native, id=8004, stack(0x000000001f3d0000,0x000000001f4d0000)]
  0x000000001dd5e800 JavaThread "Attach Listener" daemon [_thread_blocked, id=3872, stack(0x000000001f2d0000,0x000000001f3d0000)]
  0x000000001dd5d800 JavaThread "Signal Dispatcher" daemon [_thread_blocked, id=5172, stack(0x000000001f1d0000,0x000000001f2d0000)]
  0x000000001dd4a000 JavaThread "Finalizer" daemon [_thread_blocked, id=8256, stack(0x000000001efb0000,0x000000001f0b0000)]
  0x0000000004921000 JavaThread "Reference Handler" daemon [_thread_blocked, id=4564, stack(0x000000001eeb0000,0x000000001efb0000)]
  0x0000000004831000 JavaThread "main" [_thread_in_Java, id=9044, stack(0x0000000004700000,0x0000000004800000)]

Other Threads:
  0x000000001dd26800 VMThread [stack: 0x000000001edb0000,0x000000001eeb0000] [id=6668]
  0x000000001f734000 WatcherThread [stack: 0x000000001fbd0000,0x000000001fcd0000] [id=10336]

VM state:not at safepoint (normal execution)

VM Mutex/Monitor currently owned by a thread: None

Heap:
 PSYoungGen      total 75264K, used 14851K [0x000000076c600000, 0x0000000771a00000, 0x00000007c0000000)
  eden space 64512K, 11% used [0x000000076c600000,0x000000076ccff260,0x0000000770500000)
  from space 10752K, 71% used [0x0000000770500000,0x0000000770c81d60,0x0000000770f80000)
  to   space 10752K, 0% used [0x0000000770f80000,0x0000000770f80000,0x0000000771a00000)
 ParOldGen       total 172032K, used 8K [0x00000006c5200000, 0x00000006cfa00000, 0x000000076c600000)
  object space 172032K, 0% used [0x00000006c5200000,0x00000006c5202000,0x00000006cfa00000)
 Metaspace       used 14028K, capacity 14404K, committed 14720K, reserved 1062912K
  class space    used 1714K, capacity 1825K, committed 1920K, reserved 1048576K

Card table byte_map: [0x0000000013d00000,0x00000000144e0000] byte_map_base: 0x00000000106d7000

Marking Bits: (ParMarkBitMap*) 0x00000000732ba6c0
 Begin Bits: [0x0000000014e20000, 0x0000000018cd8000)
 End Bits:   [0x0000000018cd8000, 0x000000001cb90000)

Polling page: 0x0000000004810000

CodeCache: size=245760Kb used=4069Kb max_used=4069Kb free=241690Kb
 bounds [0x0000000004940000, 0x0000000004d40000, 0x0000000013940000]
 total_blobs=1576 nmethods=1213 adapters=276
 compilation: enabled

Compilation events (10 events):
Event: 1.003 Thread 0x000000001dd67000 nmethod 1203 0x0000000004d35610 code [0x0000000004d357a0, 0x0000000004d35b48]
Event: 1.003 Thread 0x000000001dd67000 1204       1       org.springframework.boot.context.properties.source.ConfigurationPropertyName$Elements::getSize (5 bytes)
Event: 1.003 Thread 0x000000001dd67000 nmethod 1204 0x0000000004d35d10 code [0x0000000004d35e60, 0x0000000004d35f70]
Event: 1.004 Thread 0x000000001dd67000 1205       3       java.lang.invoke.MemberName::<init> (47 bytes)
Event: 1.004 Thread 0x000000001dd67000 nmethod 1205 0x0000000004d35fd0 code [0x0000000004d36180, 0x0000000004d36558]
Event: 1.004 Thread 0x000000001dd67000 1206       3       java.lang.invoke.MethodTypeForm::cachedLambdaForm (44 bytes)
Event: 1.004 Thread 0x000000001dd67000 nmethod 1206 0x0000000004d366d0 code [0x0000000004d36860, 0x0000000004d36cd0]
Event: 1.005 Thread 0x000000001dd67000 1207       3       org.springframework.boot.context.properties.source.ConfigurationPropertyName$Elements::charAt (49 bytes)
Event: 1.005 Thread 0x000000001dd67000 nmethod 1207 0x0000000004d36e10 code [0x0000000004d36fa0, 0x0000000004d37378]
Event: 1.005 Thread 0x000000001dd67000 1208       3       org.springframework.boot.context.properties.source.ConfigurationPropertyName$ElementsParser::isAlphaNumeric (20 bytes)

GC Heap History (2 events):
Event: 0.921 GC heap before
{Heap before GC invocations=1 (full 0):
 PSYoungGen      total 75264K, used 64512K [0x000000076c600000, 0x0000000771a00000, 0x00000007c0000000)
  eden space 64512K, 100% used [0x000000076c600000,0x0000000770500000,0x0000000770500000)
  from space 10752K, 0% used [0x0000000770f80000,0x0000000770f80000,0x0000000771a00000)
  to   space 10752K, 0% used [0x0000000770500000,0x0000000770500000,0x0000000770f80000)
 ParOldGen       total 172032K, used 0K [0x00000006c5200000, 0x00000006cfa00000, 0x000000076c600000)
  object space 172032K, 0% used [0x00000006c5200000,0x00000006c5200000,0x00000006cfa00000)
 Metaspace       used 12838K, capacity 13112K, committed 13184K, reserved 1060864K
  class space    used 1561K, capacity 1655K, committed 1664K, reserved 1048576K
Event: 0.931 GC heap after
Heap after GC invocations=1 (full 0):
 PSYoungGen      total 75264K, used 7687K [0x000000076c600000, 0x0000000771a00000, 0x00000007c0000000)
  eden space 64512K, 0% used [0x000000076c600000,0x000000076c600000,0x0000000770500000)
  from space 10752K, 71% used [0x0000000770500000,0x0000000770c81d60,0x0000000770f80000)
  to   space 10752K, 0% used [0x0000000770f80000,0x0000000770f80000,0x0000000771a00000)
 ParOldGen       total 172032K, used 8K [0x00000006c5200000, 0x00000006cfa00000, 0x000000076c600000)
  object space 172032K, 0% used [0x00000006c5200000,0x00000006c5202000,0x00000006cfa00000)
 Metaspace       used 12838K, capacity 13112K, committed 13184K, reserved 1060864K
  class space    used 1561K, capacity 1655K, committed 1664K, reserved 1048576K
}

Deoptimization events (10 events):
Event: 0.679 Thread 0x0000000004831000 Uncommon trap: reason=unstable_if action=reinterpret pc=0x0000000004be89dc method=java.io.WinNTFileSystem.normalize(Ljava/lang/String;)Ljava/lang/String; @ 128
Event: 0.679 Thread 0x0000000004831000 Uncommon trap: reason=unstable_if action=reinterpret pc=0x0000000004c44e2c method=java.lang.String.indexOf([CII[CIII)I @ 3
Event: 0.679 Thread 0x0000000004831000 Uncommon trap: reason=unstable_if action=reinterpret pc=0x0000000004b1a15c method=java.lang.String.indexOf([CII[CIII)I @ 3
Event: 0.715 Thread 0x0000000004831000 Uncommon trap: reason=bimorphic action=maybe_recompile pc=0x0000000004c6d888 method=java.util.HashMap.putVal(ILjava/lang/Object;Ljava/lang/Object;ZZ)Ljava/lang/Object; @ 253
Event: 0.716 Thread 0x0000000004831000 Uncommon trap: reason=bimorphic action=maybe_recompile pc=0x0000000004c6d888 method=java.util.HashMap.putVal(ILjava/lang/Object;Ljava/lang/Object;ZZ)Ljava/lang/Object; @ 253
Event: 0.721 Thread 0x0000000004831000 Uncommon trap: reason=bimorphic action=maybe_recompile pc=0x0000000004c6d888 method=java.util.HashMap.putVal(ILjava/lang/Object;Ljava/lang/Object;ZZ)Ljava/lang/Object; @ 253
Event: 0.721 Thread 0x0000000004831000 Uncommon trap: reason=bimorphic action=maybe_recompile pc=0x0000000004c6d888 method=java.util.HashMap.putVal(ILjava/lang/Object;Ljava/lang/Object;ZZ)Ljava/lang/Object; @ 253
Event: 0.751 Thread 0x0000000004831000 Uncommon trap: reason=bimorphic action=maybe_recompile pc=0x0000000004ca1060 method=java.util.HashMap.putVal(ILjava/lang/Object;Ljava/lang/Object;ZZ)Ljava/lang/Object; @ 203
Event: 0.778 Thread 0x0000000004831000 Uncommon trap: reason=range_check action=make_not_entrant pc=0x0000000004c027a8 method=sun.reflect.generics.parser.SignatureParser.current()C @ 34
Event: 0.825 Thread 0x0000000004831000 Uncommon trap: reason=unstable_if action=reinterpret pc=0x0000000004c743f0 method=java.util.HashMap.hash(Ljava/lang/Object;)I @ 1

Internal exceptions (10 events):
Event: 0.447 Thread 0x0000000004831000 Exception <a 'java/io/FileNotFoundException'> (0x000000076d9fee90) thrown at [C:\re\workspace\8-2-build-windows-amd64-cygwin\jdk8u111\7883\hotspot\src\share\vm\prims\jni.cpp, line 709]
Event: 0.500 Thread 0x0000000004831000 Exception <a 'java/lang/NoSuchFieldError': method resolution failed> (0x000000076dc94e98) thrown at [C:\re\workspace\8-2-build-windows-amd64-cygwin\jdk8u111\7883\hotspot\src\share\vm\prims\methodHandles.cpp, line 1146]
Event: 0.501 Thread 0x0000000004831000 Exception <a 'java/lang/NoSuchFieldError': method resolution failed> (0x000000076dca2588) thrown at [C:\re\workspace\8-2-build-windows-amd64-cygwin\jdk8u111\7883\hotspot\src\share\vm\prims\methodHandles.cpp, line 1146]
Event: 0.561 Thread 0x0000000004831000 Exception <a 'java/lang/NoSuchMethodError': org.slf4j.impl.StaticMDCBinder.getSingleton()Lorg/slf4j/impl/StaticMDCBinder;> (0x000000076e21c5a8) thrown at [C:\re\workspace\8-2-build-windows-amd64-cygwin\jdk8u111\7883\hotspot\src\share\vm\interpreter\linkRe
Event: 0.681 Thread 0x0000000004831000 Exception <a 'java/lang/NoSuchMethodError': java.lang.Object.lambda$comparing$77a9974f$1(Ljava/util/function/Function;Ljava/lang/Object;Ljava/lang/Object;)I> (0x000000076ee0b360) thrown at [C:\re\workspace\8-2-build-windows-amd64-cygwin\jdk8u111\7883\hots
Event: 0.771 Thread 0x0000000004831000 Exception <a 'java/lang/NoSuchMethodError': java.lang.Object.lambda$static$0(Ljava/lang/Object;)Ljava/lang/Object;> (0x000000076f4bbc10) thrown at [C:\re\workspace\8-2-build-windows-amd64-cygwin\jdk8u111\7883\hotspot\src\share\vm\interpreter\linkResolver.
Event: 0.778 Thread 0x0000000004831000 Exception <a 'java/lang/ArrayIndexOutOfBoundsException': 18> (0x000000076f587030) thrown at [C:\re\workspace\8-2-build-windows-amd64-cygwin\jdk8u111\7883\hotspot\src\share\vm\interpreter\interpreterRuntime.cpp, line 366]
Event: 0.778 Thread 0x0000000004831000 Exception <a 'java/lang/ArrayIndexOutOfBoundsException': 182> (0x000000076f588d50) thrown at [C:\re\workspace\8-2-build-windows-amd64-cygwin\jdk8u111\7883\hotspot\src\share\vm\interpreter\interpreterRuntime.cpp, line 366]
Event: 0.778 Thread 0x0000000004831000 Exception <a 'java/lang/ArrayIndexOutOfBoundsException': 60> (0x000000076f58a120) thrown at [C:\re\workspace\8-2-build-windows-amd64-cygwin\jdk8u111\7883\hotspot\src\share\vm\interpreter\interpreterRuntime.cpp, line 366]
Event: 0.825 Thread 0x0000000004831000 Implicit null exception at 0x0000000004c74358 to 0x0000000004c743e6

Events (10 events):
Event: 1.001 loading class org/springframework/boot/context/properties/source/ConfigurationPropertySourcesPropertySource
Event: 1.001 loading class org/springframework/boot/context/properties/source/ConfigurationPropertySourcesPropertySource done
Event: 1.002 loading class org/springframework/boot/context/properties/source/ConfigurationPropertyName
Event: 1.002 loading class org/springframework/boot/context/properties/source/ConfigurationPropertyName done
Event: 1.002 loading class org/springframework/boot/context/properties/source/ConfigurationPropertyName
Event: 1.002 loading class org/springframework/boot/context/properties/source/ConfigurationPropertyName done
Event: 1.002 loading class org/springframework/boot/context/properties/source/ConfigurationPropertyName
Event: 1.002 loading class org/springframework/boot/context/properties/source/ConfigurationPropertyName done
Event: 1.003 loading class org/springframework/boot/context/config/ConfigFileApplicationListener$Loader
Event: 1.003 loading class org/springframework/boot/context/config/ConfigFileApplicationListener$Loader done


Dynamic libraries:
0x00007ff70ab20000 - 0x00007ff70ab57000 	C:\Program Files\Java\jdk1.8.0_111\jre\bin\java.exe
0x00007ffb5f8a0000 - 0x00007ffb5fa80000 	C:\WINDOWS\SYSTEM32\ntdll.dll
0x00007ffb5e8c0000 - 0x00007ffb5e96e000 	C:\WINDOWS\System32\KERNEL32.DLL
0x00007ffb5c0b0000 - 0x00007ffb5c316000 	C:\WINDOWS\System32\KERNELBASE.dll
0x00007ffb5f4b0000 - 0x00007ffb5f551000 	C:\WINDOWS\System32\ADVAPI32.dll
0x00007ffb5d3e0000 - 0x00007ffb5d47d000 	C:\WINDOWS\System32\msvcrt.dll
0x00007ffb5f450000 - 0x00007ffb5f4ab000 	C:\WINDOWS\System32\sechost.dll
0x00007ffb5d260000 - 0x00007ffb5d37f000 	C:\WINDOWS\System32\RPCRT4.dll
0x00007ffb5eee0000 - 0x00007ffb5f06f000 	C:\WINDOWS\System32\USER32.dll
0x00007ffb5bd50000 - 0x00007ffb5bd70000 	C:\WINDOWS\System32\win32u.dll
0x00007ffb5eeb0000 - 0x00007ffb5eed8000 	C:\WINDOWS\System32\GDI32.dll
0x00007ffb5be10000 - 0x00007ffb5bfa3000 	C:\WINDOWS\System32\gdi32full.dll
0x00007ffb5bd70000 - 0x00007ffb5be0b000 	C:\WINDOWS\System32\msvcp_win.dll
0x00007ffb5bfb0000 - 0x00007ffb5c0a5000 	C:\WINDOWS\System32\ucrtbase.dll
0x00007ffb50d30000 - 0x00007ffb50f99000 	C:\WINDOWS\WinSxS\amd64_microsoft.windows.common-controls_6595b64144ccf1df_6.0.16299.847_none_15cddd1e93602b6a\COMCTL32.dll
0x00007ffb5e970000 - 0x00007ffb5ec76000 	C:\WINDOWS\System32\combase.dll
0x00007ffb5ccf0000 - 0x00007ffb5cd62000 	C:\WINDOWS\System32\bcryptPrimitives.dll
0x00007ffb5f560000 - 0x00007ffb5f58d000 	C:\WINDOWS\System32\IMM32.DLL
0x0000000072580000 - 0x0000000072652000 	C:\Program Files\Java\jdk1.8.0_111\jre\bin\msvcr100.dll
0x0000000072aa0000 - 0x000000007333a000 	C:\Program Files\Java\jdk1.8.0_111\jre\bin\server\jvm.dll
0x00007ffb5ec80000 - 0x00007ffb5ec88000 	C:\WINDOWS\System32\PSAPI.DLL
0x00007ffb58af0000 - 0x00007ffb58af9000 	C:\WINDOWS\SYSTEM32\WSOCK32.dll
0x00007ffb58b50000 - 0x00007ffb58b73000 	C:\WINDOWS\SYSTEM32\WINMM.dll
0x00007ffb558c0000 - 0x00007ffb558ca000 	C:\WINDOWS\SYSTEM32\VERSION.dll
0x00007ffb5f610000 - 0x00007ffb5f67c000 	C:\WINDOWS\System32\WS2_32.dll
0x00007ffb58ac0000 - 0x00007ffb58aea000 	C:\WINDOWS\SYSTEM32\WINMMBASE.dll
0x00007ffb5c380000 - 0x00007ffb5c3ca000 	C:\WINDOWS\System32\cfgmgr32.dll
0x00000000729b0000 - 0x00000000729bf000 	C:\Program Files\Java\jdk1.8.0_111\jre\bin\verify.dll
0x0000000072980000 - 0x00000000729a9000 	C:\Program Files\Java\jdk1.8.0_111\jre\bin\java.dll
0x0000000072960000 - 0x0000000072976000 	C:\Program Files\Java\jdk1.8.0_111\jre\bin\zip.dll
0x00007ffb5d480000 - 0x00007ffb5e8b8000 	C:\WINDOWS\System32\SHELL32.dll
0x00007ffb5f1e0000 - 0x00007ffb5f286000 	C:\WINDOWS\System32\shcore.dll
0x00007ffb5c3d0000 - 0x00007ffb5cb17000 	C:\WINDOWS\System32\windows.storage.dll
0x00007ffb5ec90000 - 0x00007ffb5ece1000 	C:\WINDOWS\System32\shlwapi.dll
0x00007ffb5bc80000 - 0x00007ffb5bc91000 	C:\WINDOWS\System32\kernel.appcore.dll
0x00007ffb5bc30000 - 0x00007ffb5bc7c000 	C:\WINDOWS\System32\powrprof.dll
0x00007ffb5bbf0000 - 0x00007ffb5bc0b000 	C:\WINDOWS\System32\profapi.dll
0x0000000072910000 - 0x000000007291d000 	C:\Program Files\Java\jdk1.8.0_111\jre\bin\management.dll
0x0000000072940000 - 0x000000007295a000 	C:\Program Files\Java\jdk1.8.0_111\jre\bin\net.dll
0x00007ffb5b480000 - 0x00007ffb5b4e6000 	C:\WINDOWS\system32\mswsock.dll
0x0000000072920000 - 0x0000000072931000 	C:\Program Files\Java\jdk1.8.0_111\jre\bin\nio.dll

VM Arguments:
java_command: C:\Users\Korisnik\AppData\Local\Temp\surefire5142285075627329278\surefirebooter3098852413917599805.jar C:\Users\Korisnik\AppData\Local\Temp\surefire5142285075627329278 2018-12-25T18-34-22_687-jvmRun1 surefire7099796617562509280tmp surefire_05480395451889082017tmp
java_class_path (initial): C:\Users\Korisnik\AppData\Local\Temp\surefire5142285075627329278\surefirebooter3098852413917599805.jar
Launcher Type: SUN_STANDARD

Environment Variables:
JRE_HOME=c:\Program Files\Java\jdk1.8.0_111\
PATH=C:/Program Files/Java/jdk1.8.0_111/jre/bin/server;C:/Program Files/Java/jdk1.8.0_111/jre/bin;C:/Program Files/Java/jdk1.8.0_111/jre/lib/amd64;D:\Programming\Python 2.7.13\;D:\Programming\Python 2.7.13\Scripts;C:\ProgramData\Oracle\Java\javapath;C:\WINDOWS\system32;C:\WINDOWS;C:\WINDOWS\System32\Wbem;C:\WINDOWS\System32\WindowsPowerShell\v1.0\;C:\Program Files (x86)\AMD\ATI.ACE\Core-Static;D:\Programming\NodeJs\;C:\Program Files\MySQL\MySQL Utilities 1.6\;C:\Program Files (x86)\Skype\Phone\;d:\Programming\Maven\\bin;D:\Programming\Haskell\bin;D:\Programming\Python 3.6.1\Scripts\;D:\Programming\Python 3.6.1\;C:\Users\Korisnik\AppData\Local\Microsoft\WindowsApps;D:\Programming\Microsoft VS Code\bin;C:\Users\Korisnik\AppData\Roaming\npm;D:\Programming\MongoDB\Server\3.2\bin;D:\Programming\Clojure;c:\Program Files\Java\jdk1.8.0_111\bin\javaw.exe;d:\Programming\Python 2.7.13\;;D:\Programming\Eclipse New\eclipse;
USERNAME=Korisnik
OS=Windows_NT
PROCESSOR_IDENTIFIER=Intel64 Family 6 Model 60 Stepping 3, GenuineIntel



---------------  S Y S T E M  ---------------

OS: Windows 10.0 , 64 bit Build 16299 (10.0.16299.431)

CPU:total 4 (4 cores per cpu, 1 threads per core) family 6 model 60 stepping 3, cmov, cx8, fxsr, mmx, sse, sse2, sse3, ssse3, sse4.1, sse4.2, popcnt, avx, avx2, aes, clmul, erms, lzcnt, tsc, tscinvbit, bmi1, bmi2

Memory: 4k page, physical 16438584k(8494056k free), swap 16438584k(5268k free)

vm_info: Java HotSpot(TM) 64-Bit Server VM (25.111-b14) for windows-amd64 JRE (1.8.0_111-b14), built on Sep 22 2016 19:24:05 by "java_re" with MS VC++ 10.0 (VS2010)

time: Tue Dec 25 18:34:24 2018
elapsed time: 1 seconds (0d 0h 0m 1s)

