#
# There is insufficient memory for the Java Runtime Environment to continue.
# Native memory allocation (malloc) failed to allocate 983856 bytes for Chunk::new
# Possible reasons:
#   The system is out of physical RAM or swap space
#   In 32 bit mode, the process size limit was hit
# Possible solutions:
#   Reduce memory load on the system
#   Increase physical memory or swap space
#   Check if swap backing store is full
#   Use 64 bit Java on a 64 bit OS
#   Decrease Java heap size (-Xmx/-Xms)
#   Decrease number of Java threads
#   Decrease Java thread stack sizes (-Xss)
#   Set larger code cache with -XX:ReservedCodeCacheSize=
# This output file may be truncated or incomplete.
#
#  Out of Memory Error (allocation.cpp:390), pid=5408, tid=0x0000000000002714
#
# JRE version: Java(TM) SE Runtime Environment (8.0_111-b14) (build 1.8.0_111-b14)
# Java VM: Java HotSpot(TM) 64-Bit Server VM (25.111-b14 mixed mode windows-amd64 compressed oops)
# Failed to write core dump. Minidumps are not enabled by default on client versions of Windows
#

---------------  T H R E A D  ---------------

Current thread (0x000000001e40f800):  JavaThread "C2 CompilerThread0" daemon [_thread_in_native, id=10004, stack(0x000000001fa60000,0x000000001fb60000)]

Stack: [0x000000001fa60000,0x000000001fb60000]
[error occurred during error reporting (printing stack bounds), id 0xc0000005]

Native frames: (J=compiled Java code, j=interpreted, Vv=VM code, C=native code)


Current CompileTask:
C2:   4281 3963       4       org.springframework.core.ResolvableType::resolveClass (73 bytes)


---------------  P R O C E S S  ---------------

Java Threads: ( => current thread )
  0x000000001febf000 JavaThread "surefire-forkedjvm-ping-30s" daemon [_thread_blocked, id=5604, stack(0x0000000020460000,0x0000000020560000)]
  0x000000001fe92000 JavaThread "surefire-forkedjvm-command-thread" daemon [_thread_in_native, id=7376, stack(0x0000000020360000,0x0000000020460000)]
  0x000000001fd88800 JavaThread "Service Thread" daemon [_thread_blocked, id=4556, stack(0x0000000020160000,0x0000000020260000)]
  0x000000001e416000 JavaThread "C1 CompilerThread2" daemon [_thread_in_native, id=2448, stack(0x000000001fc60000,0x000000001fd60000)]
  0x000000001e413000 JavaThread "C2 CompilerThread1" daemon [_thread_in_native, id=7172, stack(0x000000001fb60000,0x000000001fc60000)]
=>0x000000001e40f800 JavaThread "C2 CompilerThread0" daemon [_thread_in_native, id=10004, stack(0x000000001fa60000,0x000000001fb60000)]
  0x000000001e40e000 JavaThread "Attach Listener" daemon [_thread_blocked, id=8064, stack(0x000000001f960000,0x000000001fa60000)]
  0x000000001e40c800 JavaThread "Signal Dispatcher" daemon [_thread_blocked, id=4264, stack(0x000000001f860000,0x000000001f960000)]
  0x000000000503a800 JavaThread "Finalizer" daemon [_thread_blocked, id=4976, stack(0x000000001f670000,0x000000001f770000)]
  0x000000000502f800 JavaThread "Reference Handler" daemon [_thread_blocked, id=2848, stack(0x000000001f570000,0x000000001f670000)]
  0x0000000004f41000 JavaThread "main" [_thread_in_Java, id=6740, stack(0x0000000004e40000,0x0000000004f40000)]

Other Threads:
  0x000000001e3d7800 VMThread [stack: 0x000000001f470000,0x000000001f570000] [id=6176]
  0x000000001fdbb800 WatcherThread [stack: 0x0000000020260000,0x0000000020360000] [id=10484]

VM state:not at safepoint (normal execution)

VM Mutex/Monitor currently owned by a thread: None

Heap:
 PSYoungGen      total 135680K, used 40163K [0x000000076c600000, 0x0000000777e80000, 0x00000007c0000000)
  eden space 124928K, 24% used [0x000000076c600000,0x000000076e3a4048,0x0000000774000000)
  from space 10752K, 91% used [0x0000000774000000,0x0000000774994db8,0x0000000774a80000)
  to   space 11264K, 0% used [0x0000000777380000,0x0000000777380000,0x0000000777e80000)
 ParOldGen       total 95744K, used 15596K [0x00000006c5200000, 0x00000006caf80000, 0x000000076c600000)
  object space 95744K, 16% used [0x00000006c5200000,0x00000006c613b160,0x00000006caf80000)
 Metaspace       used 39611K, capacity 41232K, committed 41560K, reserved 1085440K
  class space    used 5415K, capacity 5704K, committed 5760K, reserved 1048576K

Card table byte_map: [0x0000000014400000,0x0000000014be0000] byte_map_base: 0x0000000010dd7000

Marking Bits: (ParMarkBitMap*) 0x00000000732ba6c0
 Begin Bits: [0x0000000015520000, 0x00000000193d8000)
 End Bits:   [0x00000000193d8000, 0x000000001d290000)

Polling page: 0x00000000035c0000

CodeCache: size=245760Kb used=14864Kb max_used=14864Kb free=230895Kb
 bounds [0x0000000005040000, 0x0000000005ed0000, 0x0000000014040000]
 total_blobs=4413 nmethods=3981 adapters=344
 compilation: enabled

Compilation events (10 events):
Event: 4.256 Thread 0x000000001e416000 nmethod 4024 0x0000000005ec6a50 code [0x0000000005ec6d20, 0x0000000005ec82c8]
Event: 4.259 Thread 0x000000001e416000 4025       3       java.beans.SimpleBeanInfo::<init> (5 bytes)
Event: 4.259 Thread 0x000000001e416000 nmethod 4025 0x0000000005ec8f50 code [0x0000000005ec90a0, 0x0000000005ec9250]
Event: 4.261 Thread 0x000000001e416000 4026   !   3       com.sun.proxy.$Proxy8::annotationType (29 bytes)
Event: 4.261 Thread 0x000000001e416000 nmethod 4026 0x0000000005ec9310 code [0x0000000005ec94a0, 0x0000000005ec98d8]
Event: 4.264 Thread 0x000000001e416000 4027       1       org.apache.catalina.util.LifecycleBase::getState (5 bytes)
Event: 4.264 Thread 0x000000001e416000 nmethod 4027 0x0000000005ec9a90 code [0x0000000005ec9be0, 0x0000000005ec9cf0]
Event: 4.265 Thread 0x000000001e416000 4028   !   3       org.springframework.util.ReflectionUtils::doWithFields (128 bytes)
Event: 4.266 Thread 0x000000001e416000 nmethod 4028 0x0000000005ec9d50 code [0x0000000005eca020, 0x0000000005ecb5d8]
Event: 4.269 Thread 0x000000001e416000 4029       3       org.springframework.asm.ClassReader::readCode (5085 bytes)

GC Heap History (10 events):
Event: 1.833 GC heap before
{Heap before GC invocations=5 (full 1):
 PSYoungGen      total 75264K, used 64501K [0x000000076c600000, 0x0000000775900000, 0x00000007c0000000)
  eden space 64512K, 99% used [0x000000076c600000,0x00000007704fd528,0x0000000770500000)
  from space 10752K, 0% used [0x0000000770500000,0x0000000770500000,0x0000000770f80000)
  to   space 10752K, 0% used [0x0000000774e80000,0x0000000774e80000,0x0000000775900000)
 ParOldGen       total 95744K, used 6338K [0x00000006c5200000, 0x00000006caf80000, 0x000000076c600000)
  object space 95744K, 6% used [0x00000006c5200000,0x00000006c5830818,0x00000006caf80000)
 Metaspace       used 25030K, capacity 25682K, committed 25984K, reserved 1071104K
  class space    used 3235K, capacity 3393K, committed 3456K, reserved 1048576K
Event: 1.841 GC heap after
Heap after GC invocations=5 (full 1):
 PSYoungGen      total 111104K, used 6369K [0x000000076c600000, 0x0000000775500000, 0x00000007c0000000)
  eden space 104448K, 0% used [0x000000076c600000,0x000000076c600000,0x0000000772c00000)
  from space 6656K, 95% used [0x0000000774e80000,0x00000007754b8580,0x0000000775500000)
  to   space 10752K, 0% used [0x0000000774000000,0x0000000774000000,0x0000000774a80000)
 ParOldGen       total 95744K, used 6346K [0x00000006c5200000, 0x00000006caf80000, 0x000000076c600000)
  object space 95744K, 6% used [0x00000006c5200000,0x00000006c5832818,0x00000006caf80000)
 Metaspace       used 25030K, capacity 25682K, committed 25984K, reserved 1071104K
  class space    used 3235K, capacity 3393K, committed 3456K, reserved 1048576K
}
Event: 2.701 GC heap before
{Heap before GC invocations=6 (full 1):
 PSYoungGen      total 111104K, used 110817K [0x000000076c600000, 0x0000000775500000, 0x00000007c0000000)
  eden space 104448K, 100% used [0x000000076c600000,0x0000000772c00000,0x0000000772c00000)
  from space 6656K, 95% used [0x0000000774e80000,0x00000007754b8580,0x0000000775500000)
  to   space 10752K, 0% used [0x0000000774000000,0x0000000774000000,0x0000000774a80000)
 ParOldGen       total 95744K, used 6346K [0x00000006c5200000, 0x00000006caf80000, 0x000000076c600000)
  object space 95744K, 6% used [0x00000006c5200000,0x00000006c5832818,0x00000006caf80000)
 Metaspace       used 30272K, capacity 31412K, committed 31616K, reserved 1077248K
  class space    used 3929K, capacity 4190K, committed 4224K, reserved 1048576K
Event: 2.713 GC heap after
Heap after GC invocations=6 (full 1):
 PSYoungGen      total 135680K, used 9871K [0x000000076c600000, 0x0000000777e80000, 0x00000007c0000000)
  eden space 124928K, 0% used [0x000000076c600000,0x000000076c600000,0x0000000774000000)
  from space 10752K, 91% used [0x0000000774000000,0x00000007749a3d58,0x0000000774a80000)
  to   space 11264K, 0% used [0x0000000777380000,0x0000000777380000,0x0000000777e80000)
 ParOldGen       total 95744K, used 6354K [0x00000006c5200000, 0x00000006caf80000, 0x000000076c600000)
  object space 95744K, 6% used [0x00000006c5200000,0x00000006c5834818,0x00000006caf80000)
 Metaspace       used 30272K, capacity 31412K, committed 31616K, reserved 1077248K
  class space    used 3929K, capacity 4190K, committed 4224K, reserved 1048576K
}
Event: 3.181 GC heap before
{Heap before GC invocations=7 (full 1):
 PSYoungGen      total 135680K, used 52589K [0x000000076c600000, 0x0000000777e80000, 0x00000007c0000000)
  eden space 124928K, 34% used [0x000000076c600000,0x000000076efb7a60,0x0000000774000000)
  from space 10752K, 91% used [0x0000000774000000,0x00000007749a3d58,0x0000000774a80000)
  to   space 11264K, 0% used [0x0000000777380000,0x0000000777380000,0x0000000777e80000)
 ParOldGen       total 95744K, used 6354K [0x00000006c5200000, 0x00000006caf80000, 0x000000076c600000)
  object space 95744K, 6% used [0x00000006c5200000,0x00000006c5834818,0x00000006caf80000)
 Metaspace       used 34167K, capacity 35322K, committed 35416K, reserved 1079296K
  class space    used 4705K, capacity 4953K, committed 4992K, reserved 1048576K
Event: 3.190 GC heap after
Heap after GC invocations=7 (full 1):
 PSYoungGen      total 136192K, used 11031K [0x000000076c600000, 0x0000000777e80000, 0x00000007c0000000)
  eden space 124928K, 0% used [0x000000076c600000,0x000000076c600000,0x0000000774000000)
  from space 11264K, 97% used [0x0000000777380000,0x0000000777e45f50,0x0000000777e80000)
  to   space 10752K, 0% used [0x0000000774000000,0x0000000774000000,0x0000000774a80000)
 ParOldGen       total 95744K, used 6426K [0x00000006c5200000, 0x00000006caf80000, 0x000000076c600000)
  object space 95744K, 6% used [0x00000006c5200000,0x00000006c5846828,0x00000006caf80000)
 Metaspace       used 34167K, capacity 35322K, committed 35416K, reserved 1079296K
  class space    used 4705K, capacity 4953K, committed 4992K, reserved 1048576K
}
Event: 3.190 GC heap before
{Heap before GC invocations=8 (full 2):
 PSYoungGen      total 136192K, used 11031K [0x000000076c600000, 0x0000000777e80000, 0x00000007c0000000)
  eden space 124928K, 0% used [0x000000076c600000,0x000000076c600000,0x0000000774000000)
  from space 11264K, 97% used [0x0000000777380000,0x0000000777e45f50,0x0000000777e80000)
  to   space 10752K, 0% used [0x0000000774000000,0x0000000774000000,0x0000000774a80000)
 ParOldGen       total 95744K, used 6426K [0x00000006c5200000, 0x00000006caf80000, 0x000000076c600000)
  object space 95744K, 6% used [0x00000006c5200000,0x00000006c5846828,0x00000006caf80000)
 Metaspace       used 34167K, capacity 35322K, committed 35416K, reserved 1079296K
  class space    used 4705K, capacity 4953K, committed 4992K, reserved 1048576K
Event: 3.229 GC heap after
Heap after GC invocations=8 (full 2):
 PSYoungGen      total 136192K, used 0K [0x000000076c600000, 0x0000000777e80000, 0x00000007c0000000)
  eden space 124928K, 0% used [0x000000076c600000,0x000000076c600000,0x0000000774000000)
  from space 11264K, 0% used [0x0000000777380000,0x0000000777380000,0x0000000777e80000)
  to   space 10752K, 0% used [0x0000000774000000,0x0000000774000000,0x0000000774a80000)
 ParOldGen       total 95744K, used 15588K [0x00000006c5200000, 0x00000006caf80000, 0x000000076c600000)
  object space 95744K, 16% used [0x00000006c5200000,0x00000006c6139160,0x00000006caf80000)
 Metaspace       used 34167K, capacity 35322K, committed 35416K, reserved 1079296K
  class space    used 4705K, capacity 4953K, committed 4992K, reserved 1048576K
}
Event: 4.030 GC heap before
{Heap before GC invocations=9 (full 2):
 PSYoungGen      total 136192K, used 124928K [0x000000076c600000, 0x0000000777e80000, 0x00000007c0000000)
  eden space 124928K, 100% used [0x000000076c600000,0x0000000774000000,0x0000000774000000)
  from space 11264K, 0% used [0x0000000777380000,0x0000000777380000,0x0000000777e80000)
  to   space 10752K, 0% used [0x0000000774000000,0x0000000774000000,0x0000000774a80000)
 ParOldGen       total 95744K, used 15588K [0x00000006c5200000, 0x00000006caf80000, 0x000000076c600000)
  object space 95744K, 16% used [0x00000006c5200000,0x00000006c6139160,0x00000006caf80000)
 Metaspace       used 38937K, capacity 40544K, committed 40664K, reserved 1085440K
  class space    used 5334K, capacity 5630K, committed 5632K, reserved 1048576K
Event: 4.038 GC heap after
Heap after GC invocations=9 (full 2):
 PSYoungGen      total 135680K, used 9811K [0x000000076c600000, 0x0000000777e80000, 0x00000007c0000000)
  eden space 124928K, 0% used [0x000000076c600000,0x000000076c600000,0x0000000774000000)
  from space 10752K, 91% used [0x0000000774000000,0x0000000774994db8,0x0000000774a80000)
  to   space 11264K, 0% used [0x0000000777380000,0x0000000777380000,0x0000000777e80000)
 ParOldGen       total 95744K, used 15596K [0x00000006c5200000, 0x00000006caf80000, 0x000000076c600000)
  object space 95744K, 16% used [0x00000006c5200000,0x00000006c613b160,0x00000006caf80000)
 Metaspace       used 38937K, capacity 40544K, committed 40664K, reserved 1085440K
  class space    used 5334K, capacity 5630K, committed 5632K, reserved 1048576K
}

Deoptimization events (10 events):
Event: 3.748 Thread 0x0000000004f41000 Uncommon trap: reason=unstable_if action=reinterpret pc=0x0000000005844a18 method=java.util.LinkedHashMap.get(Ljava/lang/Object;)Ljava/lang/Object; @ 20
Event: 3.753 Thread 0x0000000004f41000 Uncommon trap: reason=unstable_if action=reinterpret pc=0x000000000545eb94 method=java.io.WinNTFileSystem.normalize(Ljava/lang/String;)Ljava/lang/String; @ 74
Event: 3.754 Thread 0x0000000004f41000 Uncommon trap: reason=unstable_if action=reinterpret pc=0x0000000005611c08 method=java.io.WinNTFileSystem.resolve(Ljava/lang/String;Ljava/lang/String;)Ljava/lang/String; @ 117
Event: 3.763 Thread 0x0000000004f41000 Uncommon trap: reason=unstable_if action=reinterpret pc=0x0000000005676b6c method=java.util.Properties.loadConvert([CII[C)Ljava/lang/String; @ 445
Event: 3.801 Thread 0x0000000004f41000 Uncommon trap: reason=unstable_if action=reinterpret pc=0x0000000005520660 method=sun.misc.ASCIICaseInsensitiveComparator.compare(Ljava/lang/String;Ljava/lang/String;)I @ 83
Event: 3.984 Thread 0x0000000004f41000 Uncommon trap: reason=class_check action=maybe_recompile pc=0x00000000055cd450 method=java.util.zip.InflaterInputStream.read([BII)I @ 100
Event: 3.985 Thread 0x0000000004f41000 Uncommon trap: reason=class_check action=maybe_recompile pc=0x00000000055cd450 method=java.util.zip.InflaterInputStream.read([BII)I @ 100
Event: 3.985 Thread 0x0000000004f41000 Uncommon trap: reason=class_check action=maybe_recompile pc=0x00000000055cd450 method=java.util.zip.InflaterInputStream.read([BII)I @ 100
Event: 3.986 Thread 0x0000000004f41000 Uncommon trap: reason=class_check action=maybe_recompile pc=0x00000000055cd450 method=java.util.zip.InflaterInputStream.read([BII)I @ 100
Event: 4.117 Thread 0x0000000004f41000 Uncommon trap: reason=unstable_if action=reinterpret pc=0x0000000005ce1d1c method=java.util.concurrent.ConcurrentHashMap.get(Ljava/lang/Object;)Ljava/lang/Object; @ 152

Internal exceptions (10 events):
Event: 4.251 Thread 0x0000000004f41000 Exception <a 'java/lang/ClassNotFoundException': org/springframework/web/accept/MediaTypeFileExtensionResolverCustomizer> (0x000000076e03a948) thrown at [C:\re\workspace\8-2-build-windows-amd64-cygwin\jdk8u111\7883\hotspot\src\share\vm\classfile\systemDic
Event: 4.257 Thread 0x0000000004f41000 Exception <a 'java/lang/ClassNotFoundException': java/lang/ObjectCustomizer> (0x000000076e064198) thrown at [C:\re\workspace\8-2-build-windows-amd64-cygwin\jdk8u111\7883\hotspot\src\share\vm\classfile\systemDictionary.cpp, line 210]
Event: 4.260 Thread 0x0000000004f41000 Exception <a 'java/lang/ClassNotFoundException': org/springframework/security/config/annotation/authentication/configuration/AuthenticationConfigurationCustomizer> (0x000000076e0948d0) thrown at [C:\re\workspace\8-2-build-windows-amd64-cygwin\jdk8u111\788
Event: 4.262 Thread 0x0000000004f41000 Exception <a 'java/lang/ClassNotFoundException': org/springframework/security/config/annotation/authentication/configuration/AuthenticationConfiguration$$EnhancerBySpringCGLIB$$679ef46Customizer> (0x000000076e0dc410) thrown at [C:\re\workspace\8-2-build-w
Event: 4.263 Thread 0x0000000004f41000 Exception <a 'java/lang/ClassNotFoundException': org/springframework/context/annotation/ConfigurationClassEnhancer$EnhancedConfigurationCustomizer> (0x000000076e112970) thrown at [C:\re\workspace\8-2-build-windows-amd64-cygwin\jdk8u111\7883\hotspot\src\sh
Event: 4.264 Thread 0x0000000004f41000 Exception <a 'java/lang/ClassNotFoundException': org/springframework/beans/factory/BeanFactoryAwareCustomizer> (0x000000076e12fac0) thrown at [C:\re\workspace\8-2-build-windows-amd64-cygwin\jdk8u111\7883\hotspot\src\share\vm\classfile\systemDictionary.cpp
Event: 4.264 Thread 0x0000000004f41000 Exception <a 'java/lang/ClassNotFoundException': org/springframework/beans/factory/AwareCustomizer> (0x000000076e14aaf0) thrown at [C:\re\workspace\8-2-build-windows-amd64-cygwin\jdk8u111\7883\hotspot\src\share\vm\classfile\systemDictionary.cpp, line 210]
Event: 4.274 Thread 0x0000000004f41000 Exception <a 'java/lang/ClassNotFoundException': java/lang/ObjectCustomizer> (0x000000076e19e380) thrown at [C:\re\workspace\8-2-build-windows-amd64-cygwin\jdk8u111\7883\hotspot\src\share\vm\classfile\systemDictionary.cpp, line 210]
Event: 4.275 Thread 0x0000000004f41000 Exception <a 'java/lang/ClassNotFoundException': org/springframework/security/config/annotation/authentication/configuration/GlobalAuthenticationConfigurerAdapterCustomizer> (0x000000076e1d2f08) thrown at [C:\re\workspace\8-2-build-windows-amd64-cygwin\jd
Event: 4.276 Thread 0x0000000004f41000 Exception <a 'java/lang/ClassNotFoundException': org/springframework/security/config/annotation/authentication/configuration/AuthenticationConfiguration$EnableGlobalAuthenticationAutowiredConfigurerCustomizer> (0x000000076e212a50) thrown at [C:\re\workspa

Events (10 events):
Event: 4.275 loading class org/springframework/security/config/annotation/authentication/configuration/AuthenticationConfiguration$EnableGlobalAuthenticationAutowiredConfigurerCustomizer
Event: 4.275 loading class org/springframework/security/config/annotation/authentication/configuration/AuthenticationConfiguration$EnableGlobalAuthenticationAutowiredConfigurerCustomizer done
Event: 4.275 loading class org/springframework/security/config/annotation/authentication/configuration/AuthenticationConfiguration$EnableGlobalAuthenticationAutowiredConfigurerCustomizer
Event: 4.275 loading class org/springframework/security/config/annotation/authentication/configuration/AuthenticationConfiguration$EnableGlobalAuthenticationAutowiredConfigurerCustomizer done
Event: 4.276 loading class org/springframework/security/config/annotation/authentication/configuration/AuthenticationConfiguration$EnableGlobalAuthenticationAutowiredConfigurerCustomizer
Event: 4.276 loading class org/springframework/security/config/annotation/authentication/configuration/AuthenticationConfiguration$EnableGlobalAuthenticationAutowiredConfigurerCustomizer done
Event: 4.276 loading class org/springframework/security/config/annotation/SecurityConfigurerCustomizer
Event: 4.276 loading class org/springframework/security/config/annotation/SecurityConfigurerCustomizer done
Event: 4.277 loading class org/springframework/security/config/annotation/SecurityConfigurerCustomizer
Event: 4.277 loading class org/springframework/security/config/annotation/SecurityConfigurerCustomizer done


Dynamic libraries:
0x00007ff70ab20000 - 0x00007ff70ab57000 	C:\Program Files\Java\jdk1.8.0_111\jre\bin\java.exe
0x00007ffb5f8a0000 - 0x00007ffb5fa80000 	C:\WINDOWS\SYSTEM32\ntdll.dll
0x00007ffb5e8c0000 - 0x00007ffb5e96e000 	C:\WINDOWS\System32\KERNEL32.DLL
0x00007ffb5c0b0000 - 0x00007ffb5c316000 	C:\WINDOWS\System32\KERNELBASE.dll
0x00007ffb5f4b0000 - 0x00007ffb5f551000 	C:\WINDOWS\System32\ADVAPI32.dll
0x00007ffb5d3e0000 - 0x00007ffb5d47d000 	C:\WINDOWS\System32\msvcrt.dll
0x00007ffb5f450000 - 0x00007ffb5f4ab000 	C:\WINDOWS\System32\sechost.dll
0x00007ffb5d260000 - 0x00007ffb5d37f000 	C:\WINDOWS\System32\RPCRT4.dll
0x00007ffb5eee0000 - 0x00007ffb5f06f000 	C:\WINDOWS\System32\USER32.dll
0x00007ffb5bd50000 - 0x00007ffb5bd70000 	C:\WINDOWS\System32\win32u.dll
0x00007ffb5eeb0000 - 0x00007ffb5eed8000 	C:\WINDOWS\System32\GDI32.dll
0x00007ffb5be10000 - 0x00007ffb5bfa3000 	C:\WINDOWS\System32\gdi32full.dll
0x00007ffb5bd70000 - 0x00007ffb5be0b000 	C:\WINDOWS\System32\msvcp_win.dll
0x00007ffb5bfb0000 - 0x00007ffb5c0a5000 	C:\WINDOWS\System32\ucrtbase.dll
0x00007ffb50d30000 - 0x00007ffb50f99000 	C:\WINDOWS\WinSxS\amd64_microsoft.windows.common-controls_6595b64144ccf1df_6.0.16299.847_none_15cddd1e93602b6a\COMCTL32.dll
0x00007ffb5e970000 - 0x00007ffb5ec76000 	C:\WINDOWS\System32\combase.dll
0x00007ffb5ccf0000 - 0x00007ffb5cd62000 	C:\WINDOWS\System32\bcryptPrimitives.dll
0x00007ffb5f560000 - 0x00007ffb5f58d000 	C:\WINDOWS\System32\IMM32.DLL
0x0000000072580000 - 0x0000000072652000 	C:\Program Files\Java\jdk1.8.0_111\jre\bin\msvcr100.dll
0x0000000072aa0000 - 0x000000007333a000 	C:\Program Files\Java\jdk1.8.0_111\jre\bin\server\jvm.dll
0x00007ffb5ec80000 - 0x00007ffb5ec88000 	C:\WINDOWS\System32\PSAPI.DLL
0x00007ffb58af0000 - 0x00007ffb58af9000 	C:\WINDOWS\SYSTEM32\WSOCK32.dll
0x00007ffb58b50000 - 0x00007ffb58b73000 	C:\WINDOWS\SYSTEM32\WINMM.dll
0x00007ffb558c0000 - 0x00007ffb558ca000 	C:\WINDOWS\SYSTEM32\VERSION.dll
0x00007ffb5f610000 - 0x00007ffb5f67c000 	C:\WINDOWS\System32\WS2_32.dll
0x00007ffb58ac0000 - 0x00007ffb58aea000 	C:\WINDOWS\SYSTEM32\winmmbase.dll
0x00007ffb5c380000 - 0x00007ffb5c3ca000 	C:\WINDOWS\System32\cfgmgr32.dll
0x00000000729b0000 - 0x00000000729bf000 	C:\Program Files\Java\jdk1.8.0_111\jre\bin\verify.dll
0x0000000072980000 - 0x00000000729a9000 	C:\Program Files\Java\jdk1.8.0_111\jre\bin\java.dll
0x0000000072960000 - 0x0000000072976000 	C:\Program Files\Java\jdk1.8.0_111\jre\bin\zip.dll
0x00007ffb5d480000 - 0x00007ffb5e8b8000 	C:\WINDOWS\System32\SHELL32.dll
0x00007ffb5f1e0000 - 0x00007ffb5f286000 	C:\WINDOWS\System32\shcore.dll
0x00007ffb5c3d0000 - 0x00007ffb5cb17000 	C:\WINDOWS\System32\windows.storage.dll
0x00007ffb5ec90000 - 0x00007ffb5ece1000 	C:\WINDOWS\System32\shlwapi.dll
0x00007ffb5bc80000 - 0x00007ffb5bc91000 	C:\WINDOWS\System32\kernel.appcore.dll
0x00007ffb5bc30000 - 0x00007ffb5bc7c000 	C:\WINDOWS\System32\powrprof.dll
0x00007ffb5bbf0000 - 0x00007ffb5bc0b000 	C:\WINDOWS\System32\profapi.dll
0x0000000072910000 - 0x000000007291d000 	C:\Program Files\Java\jdk1.8.0_111\jre\bin\management.dll
0x0000000072940000 - 0x000000007295a000 	C:\Program Files\Java\jdk1.8.0_111\jre\bin\net.dll
0x00007ffb5b480000 - 0x00007ffb5b4e6000 	C:\WINDOWS\system32\mswsock.dll
0x0000000072920000 - 0x0000000072931000 	C:\Program Files\Java\jdk1.8.0_111\jre\bin\nio.dll
0x00007ffb44c90000 - 0x00007ffb44ca6000 	C:\WINDOWS\system32\napinsp.dll
0x00007ffb44c50000 - 0x00007ffb44c6a000 	C:\WINDOWS\system32\pnrpnsp.dll
0x00007ffb59080000 - 0x00007ffb59098000 	C:\WINDOWS\system32\NLAapi.dll
0x00007ffb5b250000 - 0x00007ffb5b306000 	C:\WINDOWS\SYSTEM32\DNSAPI.dll
0x00007ffb5f860000 - 0x00007ffb5f868000 	C:\WINDOWS\System32\NSI.dll
0x00007ffb5b210000 - 0x00007ffb5b249000 	C:\WINDOWS\SYSTEM32\IPHLPAPI.DLL
0x00007ffb448c0000 - 0x00007ffb448ce000 	C:\WINDOWS\System32\winrnr.dll
0x00007ffb55830000 - 0x00007ffb5583a000 	C:\Windows\System32\rasadhlp.dll
0x00007ffb55ab0000 - 0x00007ffb55b20000 	C:\WINDOWS\System32\fwpuclnt.dll
0x00007ffb5b750000 - 0x00007ffb5b775000 	C:\WINDOWS\SYSTEM32\bcrypt.dll
0x00007ffb5b640000 - 0x00007ffb5b657000 	C:\WINDOWS\SYSTEM32\CRYPTSP.dll
0x00007ffb5b080000 - 0x00007ffb5b0b3000 	C:\WINDOWS\system32\rsaenh.dll
0x00007ffb5bb20000 - 0x00007ffb5bb49000 	C:\WINDOWS\SYSTEM32\USERENV.dll
0x00007ffb5b660000 - 0x00007ffb5b66b000 	C:\WINDOWS\SYSTEM32\CRYPTBASE.dll
0x00007ffb57060000 - 0x00007ffb57076000 	C:\WINDOWS\SYSTEM32\dhcpcsvc6.DLL
0x00007ffb57090000 - 0x00007ffb570aa000 	C:\WINDOWS\SYSTEM32\dhcpcsvc.DLL

VM Arguments:
java_command: C:\Users\Korisnik\AppData\Local\Temp\surefire1055862629816586772\surefirebooter6069968739166772034.jar C:\Users\Korisnik\AppData\Local\Temp\surefire1055862629816586772 2018-12-25T18-30-25_693-jvmRun1 surefire3874116519637438425tmp surefire_08800995254359409943tmp
java_class_path (initial): C:\Users\Korisnik\AppData\Local\Temp\surefire1055862629816586772\surefirebooter6069968739166772034.jar
Launcher Type: SUN_STANDARD

Environment Variables:
JRE_HOME=c:\Program Files\Java\jdk1.8.0_111\
PATH=C:/Program Files/Java/jdk1.8.0_111/jre/bin/server;C:/Program Files/Java/jdk1.8.0_111/jre/bin;C:/Program Files/Java/jdk1.8.0_111/jre/lib/amd64;D:\Programming\Python 2.7.13\;D:\Programming\Python 2.7.13\Scripts;C:\ProgramData\Oracle\Java\javapath;C:\WINDOWS\system32;C:\WINDOWS;C:\WINDOWS\System32\Wbem;C:\WINDOWS\System32\WindowsPowerShell\v1.0\;C:\Program Files (x86)\AMD\ATI.ACE\Core-Static;D:\Programming\NodeJs\;C:\Program Files\MySQL\MySQL Utilities 1.6\;C:\Program Files (x86)\Skype\Phone\;d:\Programming\Maven\\bin;D:\Programming\Haskell\bin;D:\Programming\Python 3.6.1\Scripts\;D:\Programming\Python 3.6.1\;C:\Users\Korisnik\AppData\Local\Microsoft\WindowsApps;D:\Programming\Microsoft VS Code\bin;C:\Users\Korisnik\AppData\Roaming\npm;D:\Programming\MongoDB\Server\3.2\bin;D:\Programming\Clojure;c:\Program Files\Java\jdk1.8.0_111\bin\javaw.exe;d:\Programming\Python 2.7.13\;;D:\Programming\Eclipse New\eclipse;
USERNAME=Korisnik
OS=Windows_NT
PROCESSOR_IDENTIFIER=Intel64 Family 6 Model 60 Stepping 3, GenuineIntel



---------------  S Y S T E M  ---------------

OS: Windows 10.0 , 64 bit Build 16299 (10.0.16299.431)

CPU:total 4 (4 cores per cpu, 1 threads per core) family 6 model 60 stepping 3, cmov, cx8, fxsr, mmx, sse, sse2, sse3, ssse3, sse4.1, sse4.2, popcnt, avx, avx2, aes, clmul, erms, lzcnt, tsc, tscinvbit, bmi1, bmi2

Memory: 4k page, physical 16438584k(8390560k free), swap 16438584k(5940k free)

vm_info: Java HotSpot(TM) 64-Bit Server VM (25.111-b14) for windows-amd64 JRE (1.8.0_111-b14), built on Sep 22 2016 19:24:05 by "java_re" with MS VC++ 10.0 (VS2010)

time: Tue Dec 25 18:30:30 2018
elapsed time: 4 seconds (0d 0h 0m 4s)

