#
# There is insufficient memory for the Java Runtime Environment to continue.
# Native memory allocation (malloc) failed to allocate 32744 bytes for ChunkPool::allocate
# Possible reasons:
#   The system is out of physical RAM or swap space
#   In 32 bit mode, the process size limit was hit
# Possible solutions:
#   Reduce memory load on the system
#   Increase physical memory or swap space
#   Check if swap backing store is full
#   Use 64 bit Java on a 64 bit OS
#   Decrease Java heap size (-Xmx/-Xms)
#   Decrease number of Java threads
#   Decrease Java thread stack sizes (-Xss)
#   Set larger code cache with -XX:ReservedCodeCacheSize=
# This output file may be truncated or incomplete.
#
#  Out of Memory Error (allocation.cpp:273), pid=7344, tid=0x00000000000024cc
#
# JRE version: Java(TM) SE Runtime Environment (8.0_111-b14) (build 1.8.0_111-b14)
# Java VM: Java HotSpot(TM) 64-Bit Server VM (25.111-b14 mixed mode windows-amd64 compressed oops)
# Failed to write core dump. Minidumps are not enabled by default on client versions of Windows
#

---------------  T H R E A D  ---------------

Current thread (0x0000000004ae5000):  JavaThread "main" [_thread_in_vm, id=9420, stack(0x00000000049e0000,0x0000000004ae0000)]

Stack: [0x00000000049e0000,0x0000000004ae0000]
[error occurred during error reporting (printing stack bounds), id 0xc0000005]

Native frames: (J=compiled Java code, j=interpreted, Vv=VM code, C=native code)

Java frames: (J=compiled Java code, j=interpreted, Vv=VM code)
J 418  java.lang.Throwable.fillInStackTrace(I)Ljava/lang/Throwable; (0 bytes) @ 0x0000000004dfe27b [0x0000000004dfe240+0x3b]
J 4718 C2 java.lang.ReflectiveOperationException.<init>(Ljava/lang/String;Ljava/lang/Throwable;)V (7 bytes) @ 0x0000000004daf1e4 [0x0000000004daf120+0xc4]
J 4639 C2 java.net.URLClassLoader.findClass(Ljava/lang/String;)Ljava/lang/Class; (47 bytes) @ 0x0000000004f8e638 [0x0000000004f8e520+0x118]
J 7577 C2 java.lang.ClassLoader.loadClass(Ljava/lang/String;Z)Ljava/lang/Class; (122 bytes) @ 0x0000000006227288 [0x0000000006226760+0xb28]
J 2593 C2 java.lang.ClassLoader.loadClass(Ljava/lang/String;)Ljava/lang/Class; (7 bytes) @ 0x000000000552489c [0x0000000005524700+0x19c]
v  ~StubRoutines::call_stub
J 681  java.lang.Class.forName0(Ljava/lang/String;ZLjava/lang/ClassLoader;Ljava/lang/Class;)Ljava/lang/Class; (0 bytes) @ 0x0000000004e9c987 [0x0000000004e9c900+0x87]
J 3879 C2 java.lang.Class.forName(Ljava/lang/String;ZLjava/lang/ClassLoader;)Ljava/lang/Class; (53 bytes) @ 0x0000000005923308 [0x00000000059232e0+0x28]
J 3833 C1 java.beans.Introspector.findCustomizerClass(Ljava/lang/Class;)Ljava/lang/Class; (58 bytes) @ 0x00000000059c75b4 [0x00000000059c6620+0xf94]
J 3832 C1 java.beans.Introspector.getTargetBeanDescriptor()Ljava/beans/BeanDescriptor; (42 bytes) @ 0x00000000059b6aac [0x00000000059b68a0+0x20c]
J 4207 C1 java.beans.Introspector.getBeanInfo()Ljava/beans/BeanInfo; (54 bytes) @ 0x0000000005b40f0c [0x0000000005b40e80+0x8c]
J 3831 C1 java.beans.Introspector.getBeanInfo(Ljava/lang/Class;Ljava/lang/Class;I)Ljava/beans/BeanInfo; (33 bytes) @ 0x00000000059b7044 [0x00000000059b6ee0+0x164]
J 4294 C1 org.springframework.beans.CachedIntrospectionResults.getBeanInfo(Ljava/lang/Class;)Ljava/beans/BeanInfo; (64 bytes) @ 0x0000000004d6fed4 [0x0000000004d6f8a0+0x634]
J 4122 C1 org.springframework.beans.CachedIntrospectionResults.introspectInterfaces(Ljava/lang/Class;Ljava/lang/Class;)V (154 bytes) @ 0x0000000005aec17c [0x0000000005aebde0+0x39c]
J 7477 C1 org.springframework.beans.CachedIntrospectionResults.<init>(Ljava/lang/Class;)V (433 bytes) @ 0x00000000061a77e4 [0x00000000061a68c0+0xf24]
J 6354 C1 org.springframework.beans.CachedIntrospectionResults.forClass(Ljava/lang/Class;)Lorg/springframework/beans/CachedIntrospectionResults; (148 bytes) @ 0x0000000005fb1f5c [0x0000000005fb1d60+0x1fc]
J 6923 C1 org.springframework.beans.factory.support.AbstractAutowireCapableBeanFactory.filterPropertyDescriptorsForDependencyCheck(Lorg/springframework/beans/BeanWrapper;)[Ljava/beans/PropertyDescriptor; (44 bytes) @ 0x000000000575830c [0x00000000057581e0+0x12c]
J 6281 C1 org.springframework.beans.factory.support.AbstractAutowireCapableBeanFactory.filterPropertyDescriptorsForDependencyCheck(Lorg/springframework/beans/BeanWrapper;Z)[Ljava/beans/PropertyDescriptor; (64 bytes) @ 0x0000000005f56ab4 [0x0000000005f56980+0x134]
J 5702 C1 org.springframework.beans.factory.support.AbstractAutowireCapableBeanFactory.populateBean(Ljava/lang/String;Lorg/springframework/beans/factory/support/RootBeanDefinition;Lorg/springframework/beans/BeanWrapper;)V (412 bytes) @ 0x0000000005dce544 [0x0000000005dcb960+0x2be4]
J 6314 C1 org.springframework.beans.factory.support.AbstractAutowireCapableBeanFactory.doCreateBean(Ljava/lang/String;Lorg/springframework/beans/factory/support/RootBeanDefinition;[Ljava/lang/Object;)Ljava/lang/Object; (507 bytes) @ 0x0000000005f83a8c [0x0000000005f832e0+0x7ac]
J 6313 C1 org.springframework.beans.factory.support.AbstractAutowireCapableBeanFactory.createBean(Ljava/lang/String;Lorg/springframework/beans/factory/support/RootBeanDefinition;[Ljava/lang/Object;)Ljava/lang/Object; (247 bytes) @ 0x0000000005f8187c [0x0000000005f81300+0x57c]
J 6758 C1 org.springframework.beans.factory.support.AbstractBeanFactory$$Lambda$102.getObject()Ljava/lang/Object; (20 bytes) @ 0x0000000005a4209c [0x0000000005a42000+0x9c]
J 6763 C1 org.springframework.beans.factory.support.DefaultSingletonBeanRegistry.getSingleton(Ljava/lang/String;Lorg/springframework/beans/factory/ObjectFactory;)Ljava/lang/Object; (297 bytes) @ 0x0000000005398c4c [0x0000000005398740+0x50c]
J 6289 C1 org.springframework.beans.factory.support.AbstractBeanFactory.doGetBean(Ljava/lang/String;Ljava/lang/Class;[Ljava/lang/Object;Z)Ljava/lang/Object; (833 bytes) @ 0x0000000005f5d5f4 [0x0000000005f5cf80+0x674]
J 2551 C1 org.springframework.beans.factory.support.AbstractBeanFactory.getBean(Ljava/lang/String;Ljava/lang/Class;)Ljava/lang/Object; (9 bytes) @ 0x00000000054c6544 [0x00000000054c6440+0x104]
j  org.springframework.boot.web.servlet.ServletContextInitializerBeans.getOrderedBeansOfType(Lorg/springframework/beans/factory/ListableBeanFactory;Ljava/lang/Class;Ljava/util/Set;)Ljava/util/List;+76
j  org.springframework.boot.web.servlet.ServletContextInitializerBeans.addAsRegistrationBean(Lorg/springframework/beans/factory/ListableBeanFactory;Ljava/lang/Class;Ljava/lang/Class;Lorg/springframework/boot/web/servlet/ServletContextInitializerBeans$RegistrationBeanAdapter;)V+7
j  org.springframework.boot.web.servlet.ServletContextInitializerBeans.addAsRegistrationBean(Lorg/springframework/beans/factory/ListableBeanFactory;Ljava/lang/Class;Lorg/springframework/boot/web/servlet/ServletContextInitializerBeans$RegistrationBeanAdapter;)V+5
j  org.springframework.boot.web.servlet.ServletContextInitializerBeans.addAdaptableBeans(Lorg/springframework/beans/factory/ListableBeanFactory;)V+33
j  org.springframework.boot.web.servlet.ServletContextInitializerBeans.<init>(Lorg/springframework/beans/factory/ListableBeanFactory;[Ljava/lang/Class;)V+54
j  org.springframework.boot.web.servlet.context.ServletWebServerApplicationContext.getServletContextInitializerBeans()Ljava/util/Collection;+12
j  org.springframework.boot.web.servlet.context.ServletWebServerApplicationContext.selfInitialize(Ljavax/servlet/ServletContext;)V+40
j  org.springframework.boot.web.servlet.context.ServletWebServerApplicationContext$$Lambda$388.onStartup(Ljavax/servlet/ServletContext;)V+5
j  org.springframework.boot.web.embedded.tomcat.TomcatStarter.onStartup(Ljava/util/Set;Ljavax/servlet/ServletContext;)V+28
j  org.apache.catalina.core.StandardContext.startInternal()V+1112
j  org.apache.catalina.util.LifecycleBase.start()V+210
j  org.apache.catalina.core.ContainerBase$StartChild.call()Ljava/lang/Void;+4
j  org.apache.catalina.core.ContainerBase$StartChild.call()Ljava/lang/Object;+1
j  java.util.concurrent.FutureTask.run()V+42
j  org.apache.tomcat.util.threads.InlineExecutorService.execute(Ljava/lang/Runnable;)V+38
j  java.util.concurrent.AbstractExecutorService.submit(Ljava/util/concurrent/Callable;)Ljava/util/concurrent/Future;+20
j  org.apache.catalina.core.ContainerBase.startInternal()V+93
j  org.apache.catalina.core.StandardHost.startInternal()V+153
j  org.apache.catalina.util.LifecycleBase.start()V+210
j  org.apache.catalina.core.ContainerBase$StartChild.call()Ljava/lang/Void;+4
j  org.apache.catalina.core.ContainerBase$StartChild.call()Ljava/lang/Object;+1
j  java.util.concurrent.FutureTask.run()V+42
j  org.apache.tomcat.util.threads.InlineExecutorService.execute(Ljava/lang/Runnable;)V+38
j  java.util.concurrent.AbstractExecutorService.submit(Ljava/util/concurrent/Callable;)Ljava/util/concurrent/Future;+20
j  org.apache.catalina.core.ContainerBase.startInternal()V+93
j  org.apache.catalina.core.StandardEngine.startInternal()V+41
j  org.apache.catalina.util.LifecycleBase.start()V+210
j  org.apache.catalina.core.StandardService.startInternal()V+63
j  org.apache.catalina.util.LifecycleBase.start()V+210
j  org.apache.catalina.core.StandardServer.startInternal()V+45
j  org.apache.catalina.util.LifecycleBase.start()V+210
j  org.apache.catalina.startup.Tomcat.start()V+9
j  org.springframework.boot.web.embedded.tomcat.TomcatWebServer.initialize()V+64
j  org.springframework.boot.web.embedded.tomcat.TomcatWebServer.<init>(Lorg/apache/catalina/startup/Tomcat;Z)V+43
j  org.springframework.boot.web.embedded.tomcat.TomcatServletWebServerFactory.getTomcatWebServer(Lorg/apache/catalina/startup/Tomcat;)Lorg/springframework/boot/web/embedded/tomcat/TomcatWebServer;+17
j  org.springframework.boot.web.embedded.tomcat.TomcatServletWebServerFactory.getWebServer([Lorg/springframework/boot/web/servlet/ServletContextInitializer;)Lorg/springframework/boot/web/server/WebServer;+149
j  org.springframework.boot.web.servlet.context.ServletWebServerApplicationContext.createWebServer()V+36
j  org.springframework.boot.web.servlet.context.ServletWebServerApplicationContext.onRefresh()V+5
j  org.springframework.context.support.AbstractApplicationContext.refresh()V+45
j  org.springframework.boot.web.servlet.context.ServletWebServerApplicationContext.refresh()V+1
j  org.springframework.boot.SpringApplication.refresh(Lorg/springframework/context/ApplicationContext;)V+10
j  org.springframework.boot.SpringApplication.refreshContext(Lorg/springframework/context/ConfigurableApplicationContext;)V+2
j  org.springframework.boot.SpringApplication.run([Ljava/lang/String;)Lorg/springframework/context/ConfigurableApplicationContext;+118
j  org.springframework.boot.test.context.SpringBootContextLoader.loadContext(Lorg/springframework/test/context/MergedContextConfiguration;)Lorg/springframework/context/ApplicationContext;+273
j  org.springframework.test.context.cache.DefaultCacheAwareContextLoaderDelegate.loadContextInternal(Lorg/springframework/test/context/MergedContextConfiguration;)Lorg/springframework/context/ApplicationContext;+27
j  org.springframework.test.context.cache.DefaultCacheAwareContextLoaderDelegate.loadContext(Lorg/springframework/test/context/MergedContextConfiguration;)Lorg/springframework/context/ApplicationContext;+24
j  org.springframework.test.context.support.DefaultTestContext.getApplicationContext()Lorg/springframework/context/ApplicationContext;+8
j  org.springframework.boot.test.mock.mockito.MockitoTestExecutionListener.postProcessFields(Lorg/springframework/test/context/TestContext;Ljava/util/function/BiConsumer;)V+31
j  org.springframework.boot.test.mock.mockito.MockitoTestExecutionListener.injectFields(Lorg/springframework/test/context/TestContext;)V+7
j  org.springframework.boot.test.mock.mockito.MockitoTestExecutionListener.prepareTestInstance(Lorg/springframework/test/context/TestContext;)V+7
j  org.springframework.test.context.TestContextManager.prepareTestInstance(Ljava/lang/Object;)V+89
j  org.springframework.test.context.junit4.SpringJUnit4ClassRunner.createTest()Ljava/lang/Object;+10
j  org.springframework.test.context.junit4.SpringJUnit4ClassRunner$1.runReflectiveCall()Ljava/lang/Object;+4
j  org.junit.internal.runners.model.ReflectiveCallable.run()Ljava/lang/Object;+1
j  org.springframework.test.context.junit4.SpringJUnit4ClassRunner.methodBlock(Lorg/junit/runners/model/FrameworkMethod;)Lorg/junit/runners/model/Statement;+8
j  org.springframework.test.context.junit4.SpringJUnit4ClassRunner.runChild(Lorg/junit/runners/model/FrameworkMethod;Lorg/junit/runner/notification/RunNotifier;)V+24
j  org.springframework.test.context.junit4.SpringJUnit4ClassRunner.runChild(Ljava/lang/Object;Lorg/junit/runner/notification/RunNotifier;)V+6
j  org.junit.runners.ParentRunner$3.run()V+12
j  org.junit.runners.ParentRunner$1.schedule(Ljava/lang/Runnable;)V+1
j  org.junit.runners.ParentRunner.runChildren(Lorg/junit/runner/notification/RunNotifier;)V+44
j  org.junit.runners.ParentRunner.access$000(Lorg/junit/runners/ParentRunner;Lorg/junit/runner/notification/RunNotifier;)V+2
j  org.junit.runners.ParentRunner$2.evaluate()V+8
j  org.springframework.test.context.junit4.statements.RunBeforeTestClassCallbacks.evaluate()V+11
j  org.springframework.test.context.junit4.statements.RunAfterTestClassCallbacks.evaluate()V+12
j  org.junit.runners.ParentRunner.run(Lorg/junit/runner/notification/RunNotifier;)V+20
j  org.springframework.test.context.junit4.SpringJUnit4ClassRunner.run(Lorg/junit/runner/notification/RunNotifier;)V+24
j  org.eclipse.jdt.internal.junit4.runner.JUnit4TestReference.run(Lorg/eclipse/jdt/internal/junit/runner/TestExecution;)V+72
j  org.eclipse.jdt.internal.junit.runner.TestExecution.run([Lorg/eclipse/jdt/internal/junit/runner/ITestReference;)V+17
j  org.eclipse.jdt.internal.junit.runner.RemoteTestRunner.runTests([Ljava/lang/String;Ljava/lang/String;Lorg/eclipse/jdt/internal/junit/runner/TestExecution;)V+61
j  org.eclipse.jdt.internal.junit.runner.RemoteTestRunner.runTests(Lorg/eclipse/jdt/internal/junit/runner/TestExecution;)V+10
j  org.eclipse.jdt.internal.junit.runner.RemoteTestRunner.run()V+70
j  org.eclipse.jdt.internal.junit.runner.RemoteTestRunner.main([Ljava/lang/String;)V+14
v  ~StubRoutines::call_stub

---------------  P R O C E S S  ---------------

Java Threads: ( => current thread )
  0x00000000259b0800 JavaThread "http-nio-auto-3-50867-AsyncTimeout" daemon [_thread_blocked, id=11160, stack(0x000000002e1b0000,0x000000002e2b0000)]
  0x00000000259af800 JavaThread "http-nio-auto-3-Acceptor-0" daemon [_thread_in_native, id=10296, stack(0x000000002e0b0000,0x000000002e1b0000)]
  0x00000000259a6000 JavaThread "http-nio-auto-3-ClientPoller-1" daemon [_thread_in_native, id=764, stack(0x000000002dfb0000,0x000000002e0b0000)]
  0x00000000259ab000 JavaThread "http-nio-auto-3-ClientPoller-0" daemon [_thread_in_native, id=5140, stack(0x000000002deb0000,0x000000002dfb0000)]
  0x00000000259a9000 JavaThread "http-nio-auto-3-exec-10" daemon [_thread_blocked, id=9736, stack(0x000000002ddb0000,0x000000002deb0000)]
  0x00000000259a8000 JavaThread "http-nio-auto-3-exec-9" daemon [_thread_blocked, id=11056, stack(0x000000002dcb0000,0x000000002ddb0000)]
  0x00000000259ac800 JavaThread "http-nio-auto-3-exec-8" daemon [_thread_blocked, id=8672, stack(0x000000002dbb0000,0x000000002dcb0000)]
  0x00000000259aa800 JavaThread "http-nio-auto-3-exec-7" daemon [_thread_blocked, id=6612, stack(0x000000002dab0000,0x000000002dbb0000)]
  0x00000000259a9800 JavaThread "http-nio-auto-3-exec-6" daemon [_thread_blocked, id=6956, stack(0x000000002d9b0000,0x000000002dab0000)]
  0x00000000259a2000 JavaThread "http-nio-auto-3-exec-5" daemon [_thread_blocked, id=1152, stack(0x000000002d8b0000,0x000000002d9b0000)]
  0x00000000259a7800 JavaThread "http-nio-auto-3-exec-4" daemon [_thread_blocked, id=7748, stack(0x000000002d7b0000,0x000000002d8b0000)]
  0x00000000259a5000 JavaThread "http-nio-auto-3-exec-3" daemon [_thread_blocked, id=8992, stack(0x000000002d6b0000,0x000000002d7b0000)]
  0x00000000259a4800 JavaThread "http-nio-auto-3-exec-2" daemon [_thread_blocked, id=1604, stack(0x000000002d5b0000,0x000000002d6b0000)]
  0x00000000259a3800 JavaThread "http-nio-auto-3-exec-1" daemon [_thread_blocked, id=9812, stack(0x000000002d4b0000,0x000000002d5b0000)]
  0x00000000259a3000 JavaThread "NioBlockingSelector.BlockPoller-3" daemon [_thread_in_native, id=8176, stack(0x000000002d3b0000,0x000000002d4b0000)]
  0x00000000259a6800 JavaThread "HikariPool-3 connection adder" daemon [_thread_blocked, id=11600, stack(0x000000002d2b0000,0x000000002d3b0000)]
  0x0000000025d23000 JavaThread "HikariPool-3 housekeeper" daemon [_thread_blocked, id=2140, stack(0x000000002d1b0000,0x000000002d2b0000)]
  0x0000000025d21800 JavaThread "container-2" [_thread_blocked, id=11816, stack(0x000000002d0b0000,0x000000002d1b0000)]
  0x0000000025d26000 JavaThread "ContainerBackgroundProcessor[StandardEngine[Tomcat-2]]" daemon [_thread_blocked, id=8504, stack(0x000000002cfb0000,0x000000002d0b0000)]
  0x0000000025d20800 JavaThread "http-nio-auto-2-50850-AsyncTimeout" daemon [_thread_blocked, id=10040, stack(0x000000002cdb0000,0x000000002ceb0000)]
  0x0000000025d25000 JavaThread "http-nio-auto-2-Acceptor-0" daemon [_thread_in_native, id=11044, stack(0x000000002ccb0000,0x000000002cdb0000)]
  0x0000000025d24800 JavaThread "http-nio-auto-2-ClientPoller-1" daemon [_thread_in_native, id=10976, stack(0x000000002cbb0000,0x000000002ccb0000)]
  0x0000000025d26800 JavaThread "http-nio-auto-2-ClientPoller-0" daemon [_thread_in_native, id=10552, stack(0x000000002cab0000,0x000000002cbb0000)]
  0x0000000025d23800 JavaThread "http-nio-auto-2-exec-10" daemon [_thread_blocked, id=1600, stack(0x000000002c9b0000,0x000000002cab0000)]
  0x0000000025d19000 JavaThread "http-nio-auto-2-exec-9" daemon [_thread_blocked, id=9856, stack(0x000000002c8b0000,0x000000002c9b0000)]
  0x0000000025d1f000 JavaThread "http-nio-auto-2-exec-8" daemon [_thread_blocked, id=1768, stack(0x000000002c7b0000,0x000000002c8b0000)]
  0x0000000025d1a800 JavaThread "http-nio-auto-2-exec-7" daemon [_thread_blocked, id=7700, stack(0x000000002c6b0000,0x000000002c7b0000)]
  0x0000000025d20000 JavaThread "http-nio-auto-2-exec-6" daemon [_thread_blocked, id=3564, stack(0x000000002c5b0000,0x000000002c6b0000)]
  0x0000000025d1e800 JavaThread "http-nio-auto-2-exec-5" daemon [_thread_blocked, id=11424, stack(0x000000002c4b0000,0x000000002c5b0000)]
  0x0000000025d1a000 JavaThread "http-nio-auto-2-exec-4" daemon [_thread_blocked, id=4480, stack(0x000000002c3b0000,0x000000002c4b0000)]
  0x0000000025d1d800 JavaThread "http-nio-auto-2-exec-3" daemon [_thread_blocked, id=2788, stack(0x000000002c2b0000,0x000000002c3b0000)]
  0x0000000025d17800 JavaThread "http-nio-auto-2-exec-2" daemon [_thread_blocked, id=3972, stack(0x000000002c1b0000,0x000000002c2b0000)]
  0x0000000025d1d000 JavaThread "http-nio-auto-2-exec-1" daemon [_thread_blocked, id=5988, stack(0x000000002c0b0000,0x000000002c1b0000)]
  0x0000000025d1b800 JavaThread "NioBlockingSelector.BlockPoller-2" daemon [_thread_in_native, id=11680, stack(0x000000002bfb0000,0x000000002c0b0000)]
  0x0000000021b8b000 JavaThread "HikariPool-2 housekeeper" daemon [_thread_blocked, id=1552, stack(0x000000002abd0000,0x000000002acd0000)]
  0x00000000257f8000 JavaThread "container-1" [_thread_blocked, id=12072, stack(0x000000002aad0000,0x000000002abd0000)]
  0x00000000257fe000 JavaThread "ContainerBackgroundProcessor[StandardEngine[Tomcat-1]]" daemon [_thread_blocked, id=1372, stack(0x00000000299c0000,0x0000000029ac0000)]
  0x00000000257fd800 JavaThread "http-nio-auto-1-50833-AsyncTimeout" daemon [_thread_blocked, id=11336, stack(0x00000000297c0000,0x00000000298c0000)]
  0x00000000257fc000 JavaThread "http-nio-auto-1-Acceptor-0" daemon [_thread_in_native, id=11472, stack(0x00000000296c0000,0x00000000297c0000)]
  0x0000000025802800 JavaThread "http-nio-auto-1-ClientPoller-1" daemon [_thread_in_native, id=5984, stack(0x00000000295c0000,0x00000000296c0000)]
  0x00000000257ff800 JavaThread "http-nio-auto-1-ClientPoller-0" daemon [_thread_in_native, id=7828, stack(0x00000000294c0000,0x00000000295c0000)]
  0x0000000025800800 JavaThread "http-nio-auto-1-exec-10" daemon [_thread_blocked, id=6780, stack(0x00000000293c0000,0x00000000294c0000)]
  0x00000000257fb000 JavaThread "http-nio-auto-1-exec-9" daemon [_thread_blocked, id=700, stack(0x00000000292c0000,0x00000000293c0000)]
  0x00000000257fc800 JavaThread "http-nio-auto-1-exec-8" daemon [_thread_blocked, id=9252, stack(0x00000000291c0000,0x00000000292c0000)]
  0x0000000025801000 JavaThread "http-nio-auto-1-exec-7" daemon [_thread_blocked, id=10876, stack(0x00000000290c0000,0x00000000291c0000)]
  0x0000000025802000 JavaThread "http-nio-auto-1-exec-6" daemon [_thread_blocked, id=6112, stack(0x0000000028fc0000,0x00000000290c0000)]
  0x00000000257ff000 JavaThread "http-nio-auto-1-exec-5" daemon [_thread_blocked, id=11452, stack(0x0000000028ec0000,0x0000000028fc0000)]
  0x00000000257f3800 JavaThread "http-nio-auto-1-exec-4" daemon [_thread_blocked, id=12240, stack(0x0000000028dc0000,0x0000000028ec0000)]
  0x00000000257f9800 JavaThread "http-nio-auto-1-exec-3" daemon [_thread_blocked, id=2156, stack(0x0000000028cc0000,0x0000000028dc0000)]
  0x00000000257fa800 JavaThread "http-nio-auto-1-exec-2" daemon [_thread_blocked, id=3924, stack(0x0000000028bc0000,0x0000000028cc0000)]
  0x00000000257f9000 JavaThread "http-nio-auto-1-exec-1" daemon [_thread_blocked, id=10484, stack(0x0000000028ac0000,0x0000000028bc0000)]
  0x00000000257f6000 JavaThread "NioBlockingSelector.BlockPoller-1" daemon [_thread_in_native, id=11856, stack(0x00000000289c0000,0x0000000028ac0000)]
  0x00000000257f7800 JavaThread "HikariPool-1 housekeeper" daemon [_thread_blocked, id=5008, stack(0x00000000275c0000,0x00000000276c0000)]
  0x00000000257f6800 JavaThread "Abandoned connection cleanup thread" daemon [_thread_blocked, id=7904, stack(0x00000000271c0000,0x00000000272c0000)]
  0x0000000021b88000 JavaThread "container-0" [_thread_blocked, id=6860, stack(0x00000000270c0000,0x00000000271c0000)]
  0x0000000021b8a000 JavaThread "ContainerBackgroundProcessor[StandardEngine[Tomcat]]" daemon [_thread_blocked, id=7756, stack(0x0000000026dd0000,0x0000000026ed0000)]
  0x000000001ffe3000 JavaThread "ReaderThread" [_thread_in_native, id=11800, stack(0x0000000020710000,0x0000000020810000)]
  0x000000001e00a800 JavaThread "Service Thread" daemon [_thread_blocked, id=9864, stack(0x000000001fd10000,0x000000001fe10000)]
  0x000000001dfc6000 JavaThread "C1 CompilerThread2" daemon [_thread_blocked, id=1876, stack(0x000000001f810000,0x000000001f910000)]
  0x000000001dfba800 JavaThread "C2 CompilerThread1" daemon [_thread_in_native, id=9408, stack(0x000000001f710000,0x000000001f810000)]
  0x000000001dfb8000 JavaThread "C2 CompilerThread0" daemon [_thread_in_native, id=840, stack(0x000000001f610000,0x000000001f710000)]
  0x000000001dfb7000 JavaThread "Attach Listener" daemon [_thread_blocked, id=2308, stack(0x000000001f510000,0x000000001f610000)]
  0x000000001dfb6000 JavaThread "Signal Dispatcher" daemon [_thread_blocked, id=12132, stack(0x000000001f410000,0x000000001f510000)]
  0x000000001dfa0000 JavaThread "Finalizer" daemon [_thread_blocked, id=11304, stack(0x000000001f220000,0x000000001f320000)]
  0x0000000004bd6000 JavaThread "Reference Handler" daemon [_thread_blocked, id=11844, stack(0x000000001f120000,0x000000001f220000)]
=>0x0000000004ae5000 JavaThread "main" [_thread_in_vm, id=9420, stack(0x00000000049e0000,0x0000000004ae0000)]

Other Threads:
  0x000000001df76800 VMThread [stack: 0x000000001f020000,0x000000001f120000] [id=11244]
  0x000000001f97a800 WatcherThread [stack: 0x000000001fe10000,0x000000001ff10000] [id=10532]

VM state:not at safepoint (normal execution)

VM Mutex/Monitor currently owned by a thread: None

Heap:
 PSYoungGen      total 356864K, used 56610K [0x000000076c600000, 0x0000000788880000, 0x00000007c0000000)
  eden space 331776K, 9% used [0x000000076c600000,0x000000076e4ca238,0x0000000780a00000)
  from space 25088K, 99% used [0x0000000780a00000,0x000000078227e968,0x0000000782280000)
  to   space 29696K, 0% used [0x0000000786b80000,0x0000000786b80000,0x0000000788880000)
 ParOldGen       total 219648K, used 31541K [0x00000006c5200000, 0x00000006d2880000, 0x000000076c600000)
  object space 219648K, 14% used [0x00000006c5200000,0x00000006c70cd650,0x00000006d2880000)
 Metaspace       used 66900K, capacity 69898K, committed 70104K, reserved 1110016K
  class space    used 9144K, capacity 9657K, committed 9728K, reserved 1048576K

Card table byte_map: [0x0000000013fa0000,0x0000000014780000] byte_map_base: 0x0000000010977000

Marking Bits: (ParMarkBitMap*) 0x000000005950a6c0
 Begin Bits: [0x00000000150c0000, 0x0000000018f78000)
 End Bits:   [0x0000000018f78000, 0x000000001ce30000)

Polling page: 0x0000000002c00000

CodeCache: size=245760Kb used=25156Kb max_used=25980Kb free=220604Kb
 bounds [0x0000000004be0000, 0x0000000006560000, 0x0000000013be0000]
 total_blobs=8163 nmethods=7618 adapters=455
 compilation: enabled

Compilation events (10 events):
Event: 15.985 Thread 0x000000001dfc6000 8758   !   3       com.sun.proxy.$Proxy42::equals (39 bytes)
Event: 15.985 Thread 0x000000001dfc6000 nmethod 8758 0x0000000005da2fd0 code [0x0000000005da3180, 0x0000000005da3818]
Event: 16.012 Thread 0x000000001dfc6000 8763       3       java.security.Provider::checkInitialized (16 bytes)
Event: 16.013 Thread 0x000000001dfc6000 nmethod 8763 0x00000000058f24d0 code [0x00000000058f2640, 0x00000000058f2888]
Event: 16.015 Thread 0x000000001dfc6000 8764   !   3       org.springframework.cglib.proxy.MethodProxy::init (112 bytes)
Event: 16.016 Thread 0x000000001dfc6000 nmethod 8764 0x000000000553ee10 code [0x000000000553efe0, 0x000000000553f798]
Event: 16.036 Thread 0x000000001dfba800 nmethod 8754 0x00000000055e4650 code [0x00000000055e4a40, 0x00000000055e7ad8]
Event: 16.036 Thread 0x000000001dfba800 8759       4       org.springframework.util.ReflectionUtils::findField (119 bytes)
Event: 16.077 Thread 0x000000001dfc6000 8766       3       com.sun.org.apache.xalan.internal.utils.XMLSecurityManager$Limit::values (10 bytes)
Event: 16.077 Thread 0x000000001dfc6000 nmethod 8766 0x0000000004d516d0 code [0x0000000004d51840, 0x0000000004d51b28]

GC Heap History (10 events):
Event: 7.427 GC heap before
{Heap before GC invocations=12 (full 3):
 PSYoungGen      total 241152K, used 16812K [0x000000076c600000, 0x0000000780880000, 0x00000007c0000000)
  eden space 221184K, 0% used [0x000000076c600000,0x000000076c600000,0x0000000779e00000)
  from space 19968K, 84% used [0x0000000779e00000,0x000000077ae6b1a8,0x000000077b180000)
  to   space 21504K, 0% used [0x000000077f380000,0x000000077f380000,0x0000000780880000)
 ParOldGen       total 155648K, used 26977K [0x00000006c5200000, 0x00000006cea00000, 0x000000076c600000)
  object space 155648K, 17% used [0x00000006c5200000,0x00000006c6c58408,0x00000006cea00000)
 Metaspace       used 56622K, capacity 58866K, committed 58968K, reserved 1099776K
  class space    used 7841K, capacity 8241K, committed 8320K, reserved 1048576K
Event: 7.571 GC heap after
Heap after GC invocations=12 (full 3):
 PSYoungGen      total 241152K, used 0K [0x000000076c600000, 0x0000000780880000, 0x00000007c0000000)
  eden space 221184K, 0% used [0x000000076c600000,0x000000076c600000,0x0000000779e00000)
  from space 19968K, 0% used [0x0000000779e00000,0x0000000779e00000,0x000000077b180000)
  to   space 21504K, 0% used [0x000000077f380000,0x000000077f380000,0x0000000780880000)
 ParOldGen       total 219648K, used 28380K [0x00000006c5200000, 0x00000006d2880000, 0x000000076c600000)
  object space 219648K, 12% used [0x00000006c5200000,0x00000006c6db7248,0x00000006d2880000)
 Metaspace       used 56622K, capacity 58866K, committed 58968K, reserved 1099776K
  class space    used 7841K, capacity 8241K, committed 8320K, reserved 1048576K
}
Event: 9.131 GC heap before
{Heap before GC invocations=13 (full 3):
 PSYoungGen      total 241152K, used 221184K [0x000000076c600000, 0x0000000780880000, 0x00000007c0000000)
  eden space 221184K, 100% used [0x000000076c600000,0x0000000779e00000,0x0000000779e00000)
  from space 19968K, 0% used [0x0000000779e00000,0x0000000779e00000,0x000000077b180000)
  to   space 21504K, 0% used [0x000000077f380000,0x000000077f380000,0x0000000780880000)
 ParOldGen       total 219648K, used 28380K [0x00000006c5200000, 0x00000006d2880000, 0x000000076c600000)
  object space 219648K, 12% used [0x00000006c5200000,0x00000006c6db7248,0x00000006d2880000)
 Metaspace       used 62189K, capacity 64900K, committed 65112K, reserved 1105920K
  class space    used 8608K, capacity 9070K, committed 9088K, reserved 1048576K
Event: 9.145 GC heap after
Heap after GC invocations=13 (full 3):
 PSYoungGen      total 287232K, used 13103K [0x000000076c600000, 0x0000000780080000, 0x00000007c0000000)
  eden space 273920K, 0% used [0x000000076c600000,0x000000076c600000,0x000000077d180000)
  from space 13312K, 98% used [0x000000077f380000,0x000000078004bfc0,0x0000000780080000)
  to   space 20992K, 0% used [0x000000077d780000,0x000000077d780000,0x000000077ec00000)
 ParOldGen       total 219648K, used 28388K [0x00000006c5200000, 0x00000006d2880000, 0x000000076c600000)
  object space 219648K, 12% used [0x00000006c5200000,0x00000006c6db9248,0x00000006d2880000)
 Metaspace       used 62189K, capacity 64900K, committed 65112K, reserved 1105920K
  class space    used 8608K, capacity 9070K, committed 9088K, reserved 1048576K
}
Event: 11.808 GC heap before
{Heap before GC invocations=14 (full 3):
 PSYoungGen      total 287232K, used 287023K [0x000000076c600000, 0x0000000780080000, 0x00000007c0000000)
  eden space 273920K, 100% used [0x000000076c600000,0x000000077d180000,0x000000077d180000)
  from space 13312K, 98% used [0x000000077f380000,0x000000078004bfc0,0x0000000780080000)
  to   space 20992K, 0% used [0x000000077d780000,0x000000077d780000,0x000000077ec00000)
 ParOldGen       total 219648K, used 28388K [0x00000006c5200000, 0x00000006d2880000, 0x000000076c600000)
  object space 219648K, 12% used [0x00000006c5200000,0x00000006c6db9248,0x00000006d2880000)
 Metaspace       used 63819K, capacity 66666K, committed 66904K, reserved 1107968K
  class space    used 8763K, capacity 9233K, committed 9344K, reserved 1048576K
Event: 11.830 GC heap after
Heap after GC invocations=14 (full 3):
 PSYoungGen      total 301056K, used 18869K [0x000000076c600000, 0x0000000783900000, 0x00000007c0000000)
  eden space 280064K, 0% used [0x000000076c600000,0x000000076c600000,0x000000077d780000)
  from space 20992K, 89% used [0x000000077d780000,0x000000077e9ed618,0x000000077ec00000)
  to   space 23040K, 0% used [0x0000000782280000,0x0000000782280000,0x0000000783900000)
 ParOldGen       total 219648K, used 28396K [0x00000006c5200000, 0x00000006d2880000, 0x000000076c600000)
  object space 219648K, 12% used [0x00000006c5200000,0x00000006c6dbb248,0x00000006d2880000)
 Metaspace       used 63819K, capacity 66666K, committed 66904K, reserved 1107968K
  class space    used 8763K, capacity 9233K, committed 9344K, reserved 1048576K
}
Event: 13.430 GC heap before
{Heap before GC invocations=15 (full 3):
 PSYoungGen      total 301056K, used 298933K [0x000000076c600000, 0x0000000783900000, 0x00000007c0000000)
  eden space 280064K, 100% used [0x000000076c600000,0x000000077d780000,0x000000077d780000)
  from space 20992K, 89% used [0x000000077d780000,0x000000077e9ed618,0x000000077ec00000)
  to   space 23040K, 0% used [0x0000000782280000,0x0000000782280000,0x0000000783900000)
 ParOldGen       total 219648K, used 28396K [0x00000006c5200000, 0x00000006d2880000, 0x000000076c600000)
  object space 219648K, 12% used [0x00000006c5200000,0x00000006c6dbb248,0x00000006d2880000)
 Metaspace       used 64114K, capacity 66994K, committed 67160K, reserved 1107968K
  class space    used 8768K, capacity 9241K, committed 9344K, reserved 1048576K
Event: 13.456 GC heap after
Heap after GC invocations=15 (full 3):
 PSYoungGen      total 354816K, used 21157K [0x000000076c600000, 0x0000000784580000, 0x00000007c0000000)
  eden space 331776K, 0% used [0x000000076c600000,0x000000076c600000,0x0000000780a00000)
  from space 23040K, 91% used [0x0000000782280000,0x0000000783729638,0x0000000783900000)
  to   space 25088K, 0% used [0x0000000780a00000,0x0000000780a00000,0x0000000782280000)
 ParOldGen       total 219648K, used 28404K [0x00000006c5200000, 0x00000006d2880000, 0x000000076c600000)
  object space 219648K, 12% used [0x00000006c5200000,0x00000006c6dbd248,0x00000006d2880000)
 Metaspace       used 64114K, capacity 66994K, committed 67160K, reserved 1107968K
  class space    used 8768K, capacity 9241K, committed 9344K, reserved 1048576K
}
Event: 15.898 GC heap before
{Heap before GC invocations=16 (full 3):
 PSYoungGen      total 354816K, used 352933K [0x000000076c600000, 0x0000000784580000, 0x00000007c0000000)
  eden space 331776K, 100% used [0x000000076c600000,0x0000000780a00000,0x0000000780a00000)
  from space 23040K, 91% used [0x0000000782280000,0x0000000783729638,0x0000000783900000)
  to   space 25088K, 0% used [0x0000000780a00000,0x0000000780a00000,0x0000000782280000)
 ParOldGen       total 219648K, used 28404K [0x00000006c5200000, 0x00000006d2880000, 0x000000076c600000)
  object space 219648K, 12% used [0x00000006c5200000,0x00000006c6dbd248,0x00000006d2880000)
 Metaspace       used 66894K, capacity 69892K, committed 70104K, reserved 1110016K
  class space    used 9143K, capacity 9656K, committed 9728K, reserved 1048576K
Event: 15.923 GC heap after
Heap after GC invocations=16 (full 3):
 PSYoungGen      total 356864K, used 25082K [0x000000076c600000, 0x0000000788880000, 0x00000007c0000000)
  eden space 331776K, 0% used [0x000000076c600000,0x000000076c600000,0x0000000780a00000)
  from space 25088K, 99% used [0x0000000780a00000,0x000000078227e968,0x0000000782280000)
  to   space 29696K, 0% used [0x0000000786b80000,0x0000000786b80000,0x0000000788880000)
 ParOldGen       total 219648K, used 31541K [0x00000006c5200000, 0x00000006d2880000, 0x000000076c600000)
  object space 219648K, 14% used [0x00000006c5200000,0x00000006c70cd650,0x00000006d2880000)
 Metaspace       used 66894K, capacity 69892K, committed 70104K, reserved 1110016K
  class space    used 9143K, capacity 9656K, committed 9728K, reserved 1048576K
}

Deoptimization events (10 events):
Event: 12.709 Thread 0x0000000004ae5000 Uncommon trap: reason=class_check action=maybe_recompile pc=0x00000000050704cc method=java.util.stream.Sink$ChainedReference.<init>(Ljava/util/stream/Sink;)V @ 9
Event: 12.710 Thread 0x0000000004ae5000 Uncommon trap: reason=class_check action=maybe_recompile pc=0x00000000050704cc method=java.util.stream.Sink$ChainedReference.<init>(Ljava/util/stream/Sink;)V @ 9
Event: 14.083 Thread 0x0000000004ae5000 Uncommon trap: reason=null_check action=make_not_entrant pc=0x0000000006375138 method=org.springframework.orm.jpa.support.PersistenceAnnotationBeanPostProcessor$PersistenceElement.<init>(Lorg/springframework/orm/jpa/support/PersistenceAnnotationBeanPostPr
Event: 14.120 Thread 0x0000000004ae5000 Uncommon trap: reason=null_check action=make_not_entrant pc=0x0000000006378a10 method=org.springframework.beans.ExtendedBeanInfo.isCandidateWriteMethod(Ljava/lang/reflect/Method;)Z @ 47
Event: 14.477 Thread 0x0000000004ae5000 Uncommon trap: reason=null_check action=make_not_entrant pc=0x00000000063d26f0 method=java.beans.PropertyDescriptor.findPropertyType(Ljava/lang/reflect/Method;Ljava/lang/reflect/Method;)Ljava/lang/Class; @ 157
Event: 14.527 Thread 0x0000000004ae5000 Uncommon trap: reason=bimorphic action=maybe_recompile pc=0x0000000005807b04 method=java.util.Collections$SetFromMap.contains(Ljava/lang/Object;)Z @ 5
Event: 14.864 Thread 0x0000000004ae5000 Uncommon trap: reason=predicate action=maybe_recompile pc=0x000000000502978c method=java.util.TreeMap.getEntry(Ljava/lang/Object;)Ljava/util/TreeMap$Entry; @ 39
Event: 15.063 Thread 0x0000000004ae5000 Uncommon trap: reason=unstable_if action=reinterpret pc=0x0000000005e20914 method=java.lang.CharacterDataLatin1.isWhitespace(I)Z @ 14
Event: 15.063 Thread 0x0000000004ae5000 Uncommon trap: reason=unstable_if action=reinterpret pc=0x00000000063051d0 method=java.lang.CharacterDataLatin1.isWhitespace(I)Z @ 14
Event: 15.063 Thread 0x0000000004ae5000 Uncommon trap: reason=unstable_if action=reinterpret pc=0x0000000004f0313c method=java.lang.CharacterDataLatin1.isWhitespace(I)Z @ 14

Internal exceptions (10 events):
Event: 16.071 Thread 0x0000000004ae5000 Exception <a 'java/lang/ClassNotFoundException': org/springframework/core/env/EnvironmentCapableCustomizer> (0x000000076dea2b90) thrown at [C:\re\workspace\8-2-build-windows-amd64-cygwin\jdk8u111\7883\hotspot\src\share\vm\classfile\systemDictionary.cpp, l
Event: 16.071 Thread 0x0000000004ae5000 Exception <a 'java/lang/ClassNotFoundException': org/springframework/web/context/ServletContextAwareCustomizer> (0x000000076dec2e98) thrown at [C:\re\workspace\8-2-build-windows-amd64-cygwin\jdk8u111\7883\hotspot\src\share\vm\classfile\systemDictionary.cp
Event: 16.072 Thread 0x0000000004ae5000 Exception <a 'java/lang/ClassNotFoundException': org/springframework/beans/factory/AwareCustomizer> (0x000000076dedf1f8) thrown at [C:\re\workspace\8-2-build-windows-amd64-cygwin\jdk8u111\7883\hotspot\src\share\vm\classfile\systemDictionary.cpp, line 210]
Event: 16.075 Thread 0x0000000004ae5000 Exception <a 'java/lang/ClassNotFoundException': org/springframework/beans/factory/InitializingBeanCustomizer> (0x000000076defdc00) thrown at [C:\re\workspace\8-2-build-windows-amd64-cygwin\jdk8u111\7883\hotspot\src\share\vm\classfile\systemDictionary.cpp
Event: 16.076 Thread 0x0000000004ae5000 Exception <a 'java/lang/ClassNotFoundException': org/springframework/beans/factory/DisposableBeanCustomizer> (0x000000076df1bd38) thrown at [C:\re\workspace\8-2-build-windows-amd64-cygwin\jdk8u111\7883\hotspot\src\share\vm\classfile\systemDictionary.cpp, 
Event: 16.078 Thread 0x0000000004ae5000 Exception <a 'java/lang/ClassNotFoundException': java/lang/ObjectCustomizer> (0x000000076dfa1dd0) thrown at [C:\re\workspace\8-2-build-windows-amd64-cygwin\jdk8u111\7883\hotspot\src\share\vm\classfile\systemDictionary.cpp, line 210]
Event: 16.079 Thread 0x0000000004ae5000 Exception <a 'java/lang/ClassNotFoundException': org/springframework/web/filter/GenericFilterBeanCustomizer> (0x000000076dfc3148) thrown at [C:\re\workspace\8-2-build-windows-amd64-cygwin\jdk8u111\7883\hotspot\src\share\vm\classfile\systemDictionary.cpp, 
Event: 16.079 Thread 0x0000000004ae5000 Exception <a 'java/lang/ClassNotFoundException': org/springframework/web/filter/OncePerRequestFilterCustomizer> (0x000000076dfe8e40) thrown at [C:\re\workspace\8-2-build-windows-amd64-cygwin\jdk8u111\7883\hotspot\src\share\vm\classfile\systemDictionary.cp
Event: 16.081 Thread 0x0000000004ae5000 Exception <a 'java/lang/ClassNotFoundException': org/springframework/web/filter/FormContentFilterCustomizer> (0x000000076e008c48) thrown at [C:\re\workspace\8-2-build-windows-amd64-cygwin\jdk8u111\7883\hotspot\src\share\vm\classfile\systemDictionary.cpp, 
Event: 16.082 Thread 0x0000000004ae5000 Exception <a 'java/lang/ClassNotFoundException': org/springframework/boot/web/servlet/filter/OrderedFormContentFilterCustomizer> (0x000000076e030658) thrown at [C:\re\workspace\8-2-build-windows-amd64-cygwin\jdk8u111\7883\hotspot\src\share\vm\classfile\sy

Events (10 events):
Event: 16.081 loading class org/springframework/web/filter/FormContentFilterCustomizer
Event: 16.081 loading class org/springframework/web/filter/FormContentFilterCustomizer done
Event: 16.081 loading class org/springframework/boot/web/servlet/filter/OrderedFormContentFilterCustomizer
Event: 16.081 loading class org/springframework/boot/web/servlet/filter/OrderedFormContentFilterCustomizer done
Event: 16.081 loading class org/springframework/boot/web/servlet/filter/OrderedFormContentFilterCustomizer
Event: 16.081 loading class org/springframework/boot/web/servlet/filter/OrderedFormContentFilterCustomizer done
Event: 16.082 loading class org/springframework/boot/web/servlet/filter/OrderedFormContentFilterCustomizer
Event: 16.082 loading class org/springframework/boot/web/servlet/filter/OrderedFormContentFilterCustomizer done
Event: 16.082 loading class org/springframework/boot/web/servlet/filter/OrderedFilterCustomizer
Event: 16.082 loading class org/springframework/boot/web/servlet/filter/OrderedFilterCustomizer done


Dynamic libraries:
0x00007ff7bc580000 - 0x00007ff7bc5b7000 	C:\Program Files\Java\jdk1.8.0_111\bin\javaw.exe
0x00007fffa9620000 - 0x00007fffa9800000 	C:\WINDOWS\SYSTEM32\ntdll.dll
0x00007fffa84c0000 - 0x00007fffa856e000 	C:\WINDOWS\System32\KERNEL32.DLL
0x00007fffa5d90000 - 0x00007fffa5ff6000 	C:\WINDOWS\System32\KERNELBASE.dll
0x00007fffa8410000 - 0x00007fffa84b1000 	C:\WINDOWS\System32\ADVAPI32.dll
0x00007fffa8de0000 - 0x00007fffa8e7d000 	C:\WINDOWS\System32\msvcrt.dll
0x00007fffa6cf0000 - 0x00007fffa6d4b000 	C:\WINDOWS\System32\sechost.dll
0x00007fffa94c0000 - 0x00007fffa95df000 	C:\WINDOWS\System32\RPCRT4.dll
0x00007fffa8e80000 - 0x00007fffa900f000 	C:\WINDOWS\System32\USER32.dll
0x00007fffa5a20000 - 0x00007fffa5a40000 	C:\WINDOWS\System32\win32u.dll
0x00007fffa8cb0000 - 0x00007fffa8cd8000 	C:\WINDOWS\System32\GDI32.dll
0x00007fffa5af0000 - 0x00007fffa5c83000 	C:\WINDOWS\System32\gdi32full.dll
0x00007fffa6300000 - 0x00007fffa639b000 	C:\WINDOWS\System32\msvcp_win.dll
0x00007fffa5c90000 - 0x00007fffa5d85000 	C:\WINDOWS\System32\ucrtbase.dll
0x00007fff97440000 - 0x00007fff976a9000 	C:\WINDOWS\WinSxS\amd64_microsoft.windows.common-controls_6595b64144ccf1df_6.0.16299.904_none_15cadeb69362db48\COMCTL32.dll
0x00007fffa89a0000 - 0x00007fffa8ca6000 	C:\WINDOWS\System32\combase.dll
0x00007fffa6000000 - 0x00007fffa6072000 	C:\WINDOWS\System32\bcryptPrimitives.dll
0x00007fffa8ce0000 - 0x00007fffa8d0d000 	C:\WINDOWS\System32\IMM32.DLL
0x00000000583b0000 - 0x0000000058482000 	C:\Program Files\Java\jdk1.8.0_111\jre\bin\msvcr100.dll
0x0000000058cf0000 - 0x000000005958a000 	C:\Program Files\Java\jdk1.8.0_111\jre\bin\server\jvm.dll
0x00007fffa95e0000 - 0x00007fffa95e8000 	C:\WINDOWS\System32\PSAPI.DLL
0x00007fff9c870000 - 0x00007fff9c879000 	C:\WINDOWS\SYSTEM32\WSOCK32.dll
0x00007fffa2890000 - 0x00007fffa28b3000 	C:\WINDOWS\SYSTEM32\WINMM.dll
0x00007fff9f7a0000 - 0x00007fff9f7aa000 	C:\WINDOWS\SYSTEM32\VERSION.dll
0x00007fffa8d70000 - 0x00007fffa8ddc000 	C:\WINDOWS\System32\WS2_32.dll
0x00007fffa2860000 - 0x00007fffa288a000 	C:\WINDOWS\SYSTEM32\winmmbase.dll
0x00007fffa62b0000 - 0x00007fffa62fa000 	C:\WINDOWS\System32\cfgmgr32.dll
0x0000000058c00000 - 0x0000000058c0f000 	C:\Program Files\Java\jdk1.8.0_111\jre\bin\verify.dll
0x0000000058bd0000 - 0x0000000058bf9000 	C:\Program Files\Java\jdk1.8.0_111\jre\bin\java.dll
0x0000000058bb0000 - 0x0000000058bc6000 	C:\Program Files\Java\jdk1.8.0_111\jre\bin\zip.dll
0x00007fffa6ef0000 - 0x00007fffa8328000 	C:\WINDOWS\System32\SHELL32.dll
0x00007fffa87a0000 - 0x00007fffa8846000 	C:\WINDOWS\System32\shcore.dll
0x00007fffa63a0000 - 0x00007fffa6ae7000 	C:\WINDOWS\System32\windows.storage.dll
0x00007fffa9010000 - 0x00007fffa9061000 	C:\WINDOWS\System32\shlwapi.dll
0x00007fffa5990000 - 0x00007fffa59a1000 	C:\WINDOWS\System32\kernel.appcore.dll
0x00007fffa59b0000 - 0x00007fffa59fc000 	C:\WINDOWS\System32\powrprof.dll
0x00007fffa5a00000 - 0x00007fffa5a1b000 	C:\WINDOWS\System32\profapi.dll
0x0000000058b90000 - 0x0000000058baa000 	C:\Program Files\Java\jdk1.8.0_111\jre\bin\net.dll
0x00007fffa5200000 - 0x00007fffa5266000 	C:\WINDOWS\system32\mswsock.dll
0x0000000058b70000 - 0x0000000058b81000 	C:\Program Files\Java\jdk1.8.0_111\jre\bin\nio.dll
0x0000000058b30000 - 0x0000000058b3d000 	C:\Program Files\Java\jdk1.8.0_111\jre\bin\management.dll
0x00007fff90c20000 - 0x00007fff90c36000 	C:\WINDOWS\system32\napinsp.dll
0x00007fff90700000 - 0x00007fff9071a000 	C:\WINDOWS\system32\pnrpnsp.dll
0x00007fffa38e0000 - 0x00007fffa38f8000 	C:\WINDOWS\system32\NLAapi.dll
0x00007fffa4fd0000 - 0x00007fffa5086000 	C:\WINDOWS\SYSTEM32\DNSAPI.dll
0x00007fffa6af0000 - 0x00007fffa6af8000 	C:\WINDOWS\System32\NSI.dll
0x00007fffa4f90000 - 0x00007fffa4fc9000 	C:\WINDOWS\SYSTEM32\IPHLPAPI.DLL
0x00007fff903e0000 - 0x00007fff903ee000 	C:\WINDOWS\System32\winrnr.dll
0x00007fff9f750000 - 0x00007fff9f75a000 	C:\Windows\System32\rasadhlp.dll
0x00007fff9f9f0000 - 0x00007fff9fa60000 	C:\WINDOWS\System32\fwpuclnt.dll
0x00007fffa54d0000 - 0x00007fffa54f5000 	C:\WINDOWS\SYSTEM32\bcrypt.dll
0x00007fffa53c0000 - 0x00007fffa53d7000 	C:\WINDOWS\SYSTEM32\CRYPTSP.dll
0x00007fffa4e00000 - 0x00007fffa4e33000 	C:\WINDOWS\system32\rsaenh.dll
0x00007fffa58a0000 - 0x00007fffa58c9000 	C:\WINDOWS\SYSTEM32\USERENV.dll
0x00007fffa53e0000 - 0x00007fffa53eb000 	C:\WINDOWS\SYSTEM32\CRYPTBASE.dll
0x00007fffa0cf0000 - 0x00007fffa0d06000 	C:\WINDOWS\SYSTEM32\dhcpcsvc6.DLL
0x00007fffa0ca0000 - 0x00007fffa0cba000 	C:\WINDOWS\SYSTEM32\dhcpcsvc.DLL

VM Arguments:
jvm_args: -ea -Dfile.encoding=UTF-8 
java_command: org.eclipse.jdt.internal.junit.runner.RemoteTestRunner -version 3 -port 50821 -testLoaderClass org.eclipse.jdt.internal.junit4.runner.JUnit4TestLoader -loaderpluginname org.eclipse.jdt.junit4.runtime -testNameFile C:\Users\Korisnik\AppData\Local\Temp\testNames9204999726002930539.txt
java_class_path (initial): C:\Users\Korisnik\git\KTS_NVT\ProjekatKTS\target\test-classes;C:\Users\Korisnik\git\KTS_NVT\ProjekatKTS\target\classes;C:\Users\Korisnik\.m2\repository\org\springframework\boot\spring-boot-starter-data-jpa\2.1.0.RELEASE\spring-boot-starter-data-jpa-2.1.0.RELEASE.jar;C:\Users\Korisnik\.m2\repository\org\springframework\boot\spring-boot-starter-aop\2.1.0.RELEASE\spring-boot-starter-aop-2.1.0.RELEASE.jar;C:\Users\Korisnik\.m2\repository\org\aspectj\aspectjweaver\1.9.2\aspectjweaver-1.9.2.jar;C:\Users\Korisnik\.m2\repository\org\springframework\boot\spring-boot-starter-jdbc\2.1.0.RELEASE\spring-boot-starter-jdbc-2.1.0.RELEASE.jar;C:\Users\Korisnik\.m2\repository\com\zaxxer\HikariCP\3.2.0\HikariCP-3.2.0.jar;C:\Users\Korisnik\.m2\repository\org\springframework\spring-jdbc\5.1.2.RELEASE\spring-jdbc-5.1.2.RELEASE.jar;C:\Users\Korisnik\.m2\repository\javax\transaction\javax.transaction-api\1.3\javax.transaction-api-1.3.jar;C:\Users\Korisnik\.m2\repository\javax\xml\bind\jaxb-api\2.3.1\jaxb-api-2.3.1.jar;C:\Users\Korisnik\.m2\repository\javax\activation\javax.activation-api\1.2.0\javax.activation-api-1.2.0.jar;C:\Users\Korisnik\.m2\repository\org\hibernate\hibernate-core\5.3.7.Final\hibernate-core-5.3.7.Final.jar;C:\Users\Korisnik\.m2\repository\org\jboss\logging\jboss-logging\3.3.2.Final\jboss-logging-3.3.2.Final.jar;C:\Users\Korisnik\.m2\repository\javax\persistence\javax.persistence-api\2.2\javax.persistence-api-2.2.jar;C:\Users\Korisnik\.m2\repository\org\javassist\javassist\3.23.1-GA\javassist-3.23.1-GA.jar;C:\Users\Korisnik\.m2\repository\net\bytebuddy\byte-buddy\1.9.3\byte-buddy-1.9.3.jar;C:\Users\Korisnik\.m2\repository\antlr\antlr\2.7.7\antlr-2.7.7.jar;C:\Users\Korisnik\.m2\repository\org\jboss\jandex\2.0.5.Final\jandex-2.0.5.Final.jar;C:\Users\Korisnik\.m2\repository\com\fasterxml\classmate\1.4.0\classmate-1.4.0.jar;C:\Users\Korisnik\.m2\repository\org\dom4j\dom4j\2.1.1\dom4j-2.1.1.jar;C:\Users\Korisnik\.m2\repository\org\hibernate\commo
Launcher Type: SUN_STANDARD

Environment Variables:
JRE_HOME=c:\Program Files\Java\jdk1.8.0_111\
PATH=C:/Program Files/Java/jdk1.8.0_111/jre/bin/server;C:/Program Files/Java/jdk1.8.0_111/jre/bin;C:/Program Files/Java/jdk1.8.0_111/jre/lib/amd64;D:\Programming\Python 2.7.13\;D:\Programming\Python 2.7.13\Scripts;C:\ProgramData\Oracle\Java\javapath;C:\WINDOWS\system32;C:\WINDOWS;C:\WINDOWS\System32\Wbem;C:\WINDOWS\System32\WindowsPowerShell\v1.0\;C:\Program Files (x86)\AMD\ATI.ACE\Core-Static;D:\Programming\NodeJs\;C:\Program Files\MySQL\MySQL Utilities 1.6\;d:\Programming\Maven\\bin;D:\Programming\Haskell\bin;D:\Programming\Python 3.6.1\Scripts\;D:\Programming\Python 3.6.1\;C:\Users\Korisnik\AppData\Local\Microsoft\WindowsApps;D:\Programming\Microsoft VS Code\bin;C:\Users\Korisnik\AppData\Roaming\npm;D:\Programming\MongoDB\Server\3.2\bin;D:\Programming\Clojure;c:\Program Files\Java\jdk1.8.0_111\bin\javaw.exe;d:\Programming\Python 2.7.13\;;D:\Programming\Eclipse New\eclipse;
USERNAME=Korisnik
OS=Windows_NT
PROCESSOR_IDENTIFIER=Intel64 Family 6 Model 60 Stepping 3, GenuineIntel



---------------  S Y S T E M  ---------------

OS: Windows 10.0 , 64 bit Build 16299 (10.0.16299.431)

CPU:total 4 (4 cores per cpu, 1 threads per core) family 6 model 60 stepping 3, cmov, cx8, fxsr, mmx, sse, sse2, sse3, ssse3, sse4.1, sse4.2, popcnt, avx, avx2, aes, clmul, erms, lzcnt, tsc, tscinvbit, bmi1, bmi2

Memory: 4k page, physical 16438584k(7658028k free), swap 16438584k(5176k free)

vm_info: Java HotSpot(TM) 64-Bit Server VM (25.111-b14) for windows-amd64 JRE (1.8.0_111-b14), built on Sep 22 2016 19:24:05 by "java_re" with MS VC++ 10.0 (VS2010)

time: Fri Jan 25 23:44:41 2019
elapsed time: 16 seconds (0d 0h 0m 16s)

